[2025-06-21 16:40:41] local.ERROR: The resource owner or authorization server denied the request. {"exception":"[object] (League\\OAuth2\\Server\\Exception\\OAuthServerException(code: 9): The resource owner or authorization server denied the request. at /home/plushbra/irhebo-backend.smartedge.me/vendor/league/oauth2-server/src/Exception/OAuthServerException.php:243)
[stacktrace]
#0 /home/plushbra/irhebo-backend.smartedge.me/vendor/league/oauth2-server/src/AuthorizationValidators/BearerTokenValidator.php(108): League\\OAuth2\\Server\\Exception\\OAuthServerException::accessDenied()
#1 /home/plushbra/irhebo-backend.smartedge.me/vendor/league/oauth2-server/src/ResourceServer.php(84): League\\OAuth2\\Server\\AuthorizationValidators\\BearerTokenValidator->validateAuthorization()
#2 /home/plushbra/irhebo-backend.smartedge.me/vendor/laravel/passport/src/Guards/TokenGuard.php(232): League\\OAuth2\\Server\\ResourceServer->validateAuthenticatedRequest()
#3 /home/plushbra/irhebo-backend.smartedge.me/vendor/laravel/passport/src/Guards/TokenGuard.php(178): Laravel\\Passport\\Guards\\TokenGuard->getPsrRequestViaBearerToken()
#4 /home/plushbra/irhebo-backend.smartedge.me/vendor/laravel/passport/src/Guards/TokenGuard.php(120): Laravel\\Passport\\Guards\\TokenGuard->authenticateViaBearerToken()
#5 /home/plushbra/irhebo-backend.smartedge.me/vendor/laravel/framework/src/Illuminate/Auth/GuardHelpers.php(56): Laravel\\Passport\\Guards\\TokenGuard->user()
#6 /home/plushbra/irhebo-backend.smartedge.me/vendor/laravel/framework/src/Illuminate/Auth/Middleware/Authenticate.php(83): Laravel\\Passport\\Guards\\TokenGuard->check()
#7 /home/plushbra/irhebo-backend.smartedge.me/vendor/laravel/framework/src/Illuminate/Auth/Middleware/Authenticate.php(62): Illuminate\\Auth\\Middleware\\Authenticate->authenticate()
#8 /home/plushbra/irhebo-backend.smartedge.me/vendor/laravel/framework/src/Illuminate/Pipeline/Pipeline.php(183): Illuminate\\Auth\\Middleware\\Authenticate->handle()
#9 /home/plushbra/irhebo-backend.smartedge.me/vendor/laravel/framework/src/Illuminate/Pipeline/Pipeline.php(119): Illuminate\\Pipeline\\Pipeline->Illuminate\\Pipeline\\{closure}()
#10 /home/plushbra/irhebo-backend.smartedge.me/vendor/laravel/framework/src/Illuminate/Routing/Router.php(807): Illuminate\\Pipeline\\Pipeline->then()
#11 /home/plushbra/irhebo-backend.smartedge.me/vendor/laravel/framework/src/Illuminate/Routing/Router.php(786): Illuminate\\Routing\\Router->runRouteWithinStack()
#12 /home/plushbra/irhebo-backend.smartedge.me/vendor/laravel/framework/src/Illuminate/Routing/Router.php(750): Illuminate\\Routing\\Router->runRoute()
#13 /home/plushbra/irhebo-backend.smartedge.me/vendor/laravel/framework/src/Illuminate/Routing/Router.php(739): Illuminate\\Routing\\Router->dispatchToRoute()
#14 /home/plushbra/irhebo-backend.smartedge.me/vendor/laravel/framework/src/Illuminate/Foundation/Http/Kernel.php(201): Illuminate\\Routing\\Router->dispatch()
#15 /home/plushbra/irhebo-backend.smartedge.me/vendor/laravel/framework/src/Illuminate/Pipeline/Pipeline.php(144): Illuminate\\Foundation\\Http\\Kernel->Illuminate\\Foundation\\Http\\{closure}()
#16 /home/plushbra/irhebo-backend.smartedge.me/vendor/proengsoft/laravel-jsvalidation/src/RemoteValidationMiddleware.php(61): Illuminate\\Pipeline\\Pipeline->Illuminate\\Pipeline\\{closure}()
#17 /home/plushbra/irhebo-backend.smartedge.me/vendor/laravel/framework/src/Illuminate/Pipeline/Pipeline.php(183): Proengsoft\\JsValidation\\RemoteValidationMiddleware->handle()
#18 /home/plushbra/irhebo-backend.smartedge.me/vendor/laravel/framework/src/Illuminate/Foundation/Http/Middleware/TransformsRequest.php(21): Illuminate\\Pipeline\\Pipeline->Illuminate\\Pipeline\\{closure}()
#19 /home/plushbra/irhebo-backend.smartedge.me/vendor/laravel/framework/src/Illuminate/Foundation/Http/Middleware/ConvertEmptyStringsToNull.php(31): Illuminate\\Foundation\\Http\\Middleware\\TransformsRequest->handle()
#20 /home/plushbra/irhebo-backend.smartedge.me/vendor/laravel/framework/src/Illuminate/Pipeline/Pipeline.php(183): Illuminate\\Foundation\\Http\\Middleware\\ConvertEmptyStringsToNull->handle()
#21 /home/plushbra/irhebo-backend.smartedge.me/vendor/laravel/framework/src/Illuminate/Foundation/Http/Middleware/TransformsRequest.php(21): Illuminate\\Pipeline\\Pipeline->Illuminate\\Pipeline\\{closure}()
#22 /home/plushbra/irhebo-backend.smartedge.me/vendor/laravel/framework/src/Illuminate/Foundation/Http/Middleware/TrimStrings.php(51): Illuminate\\Foundation\\Http\\Middleware\\TransformsRequest->handle()
#23 /home/plushbra/irhebo-backend.smartedge.me/vendor/laravel/framework/src/Illuminate/Pipeline/Pipeline.php(183): Illuminate\\Foundation\\Http\\Middleware\\TrimStrings->handle()
#24 /home/plushbra/irhebo-backend.smartedge.me/vendor/laravel/framework/src/Illuminate/Http/Middleware/ValidatePostSize.php(27): Illuminate\\Pipeline\\Pipeline->Illuminate\\Pipeline\\{closure}()
#25 /home/plushbra/irhebo-backend.smartedge.me/vendor/laravel/framework/src/Illuminate/Pipeline/Pipeline.php(183): Illuminate\\Http\\Middleware\\ValidatePostSize->handle()
#26 /home/plushbra/irhebo-backend.smartedge.me/vendor/laravel/framework/src/Illuminate/Foundation/Http/Middleware/PreventRequestsDuringMaintenance.php(110): Illuminate\\Pipeline\\Pipeline->Illuminate\\Pipeline\\{closure}()
#27 /home/plushbra/irhebo-backend.smartedge.me/vendor/laravel/framework/src/Illuminate/Pipeline/Pipeline.php(183): Illuminate\\Foundation\\Http\\Middleware\\PreventRequestsDuringMaintenance->handle()
#28 /home/plushbra/irhebo-backend.smartedge.me/vendor/laravel/framework/src/Illuminate/Http/Middleware/HandleCors.php(62): Illuminate\\Pipeline\\Pipeline->Illuminate\\Pipeline\\{closure}()
#29 /home/plushbra/irhebo-backend.smartedge.me/vendor/laravel/framework/src/Illuminate/Pipeline/Pipeline.php(183): Illuminate\\Http\\Middleware\\HandleCors->handle()
#30 /home/plushbra/irhebo-backend.smartedge.me/vendor/laravel/framework/src/Illuminate/Http/Middleware/TrustProxies.php(58): Illuminate\\Pipeline\\Pipeline->Illuminate\\Pipeline\\{closure}()
#31 /home/plushbra/irhebo-backend.smartedge.me/vendor/laravel/framework/src/Illuminate/Pipeline/Pipeline.php(183): Illuminate\\Http\\Middleware\\TrustProxies->handle()
#32 /home/plushbra/irhebo-backend.smartedge.me/vendor/laravel/framework/src/Illuminate/Foundation/Http/Middleware/InvokeDeferredCallbacks.php(22): Illuminate\\Pipeline\\Pipeline->Illuminate\\Pipeline\\{closure}()
#33 /home/plushbra/irhebo-backend.smartedge.me/vendor/laravel/framework/src/Illuminate/Pipeline/Pipeline.php(183): Illuminate\\Foundation\\Http\\Middleware\\InvokeDeferredCallbacks->handle()
#34 /home/plushbra/irhebo-backend.smartedge.me/vendor/laravel/framework/src/Illuminate/Pipeline/Pipeline.php(119): Illuminate\\Pipeline\\Pipeline->Illuminate\\Pipeline\\{closure}()
#35 /home/plushbra/irhebo-backend.smartedge.me/vendor/laravel/framework/src/Illuminate/Foundation/Http/Kernel.php(176): Illuminate\\Pipeline\\Pipeline->then()
#36 /home/plushbra/irhebo-backend.smartedge.me/vendor/laravel/framework/src/Illuminate/Foundation/Http/Kernel.php(145): Illuminate\\Foundation\\Http\\Kernel->sendRequestThroughRouter()
#37 /home/plushbra/irhebo-backend.smartedge.me/vendor/laravel/framework/src/Illuminate/Foundation/Application.php(1190): Illuminate\\Foundation\\Http\\Kernel->handle()
#38 /home/plushbra/irhebo-backend.smartedge.me/public/index.php(17): Illuminate\\Foundation\\Application->handleRequest()
#39 {main}

[previous exception] [object] (Lcobucci\\JWT\\Token\\InvalidTokenStructure(code: 0): The JWT string must have two dots at /home/plushbra/irhebo-backend.smartedge.me/vendor/lcobucci/jwt/src/Token/InvalidTokenStructure.php:13)
[stacktrace]
#0 /home/plushbra/irhebo-backend.smartedge.me/vendor/lcobucci/jwt/src/Token/Parser.php(65): Lcobucci\\JWT\\Token\\InvalidTokenStructure::missingOrNotEnoughSeparators()
#1 /home/plushbra/irhebo-backend.smartedge.me/vendor/lcobucci/jwt/src/Token/Parser.php(28): Lcobucci\\JWT\\Token\\Parser->splitJwt()
#2 /home/plushbra/irhebo-backend.smartedge.me/vendor/league/oauth2-server/src/AuthorizationValidators/BearerTokenValidator.php(106): Lcobucci\\JWT\\Token\\Parser->parse()
#3 /home/plushbra/irhebo-backend.smartedge.me/vendor/league/oauth2-server/src/ResourceServer.php(84): League\\OAuth2\\Server\\AuthorizationValidators\\BearerTokenValidator->validateAuthorization()
#4 /home/plushbra/irhebo-backend.smartedge.me/vendor/laravel/passport/src/Guards/TokenGuard.php(232): League\\OAuth2\\Server\\ResourceServer->validateAuthenticatedRequest()
#5 /home/plushbra/irhebo-backend.smartedge.me/vendor/laravel/passport/src/Guards/TokenGuard.php(178): Laravel\\Passport\\Guards\\TokenGuard->getPsrRequestViaBearerToken()
#6 /home/plushbra/irhebo-backend.smartedge.me/vendor/laravel/passport/src/Guards/TokenGuard.php(120): Laravel\\Passport\\Guards\\TokenGuard->authenticateViaBearerToken()
#7 /home/plushbra/irhebo-backend.smartedge.me/vendor/laravel/framework/src/Illuminate/Auth/GuardHelpers.php(56): Laravel\\Passport\\Guards\\TokenGuard->user()
#8 /home/plushbra/irhebo-backend.smartedge.me/vendor/laravel/framework/src/Illuminate/Auth/Middleware/Authenticate.php(83): Laravel\\Passport\\Guards\\TokenGuard->check()
#9 /home/plushbra/irhebo-backend.smartedge.me/vendor/laravel/framework/src/Illuminate/Auth/Middleware/Authenticate.php(62): Illuminate\\Auth\\Middleware\\Authenticate->authenticate()
#10 /home/plushbra/irhebo-backend.smartedge.me/vendor/laravel/framework/src/Illuminate/Pipeline/Pipeline.php(183): Illuminate\\Auth\\Middleware\\Authenticate->handle()
#11 /home/plushbra/irhebo-backend.smartedge.me/vendor/laravel/framework/src/Illuminate/Pipeline/Pipeline.php(119): Illuminate\\Pipeline\\Pipeline->Illuminate\\Pipeline\\{closure}()
#12 /home/plushbra/irhebo-backend.smartedge.me/vendor/laravel/framework/src/Illuminate/Routing/Router.php(807): Illuminate\\Pipeline\\Pipeline->then()
#13 /home/plushbra/irhebo-backend.smartedge.me/vendor/laravel/framework/src/Illuminate/Routing/Router.php(786): Illuminate\\Routing\\Router->runRouteWithinStack()
#14 /home/plushbra/irhebo-backend.smartedge.me/vendor/laravel/framework/src/Illuminate/Routing/Router.php(750): Illuminate\\Routing\\Router->runRoute()
#15 /home/plushbra/irhebo-backend.smartedge.me/vendor/laravel/framework/src/Illuminate/Routing/Router.php(739): Illuminate\\Routing\\Router->dispatchToRoute()
#16 /home/plushbra/irhebo-backend.smartedge.me/vendor/laravel/framework/src/Illuminate/Foundation/Http/Kernel.php(201): Illuminate\\Routing\\Router->dispatch()
#17 /home/plushbra/irhebo-backend.smartedge.me/vendor/laravel/framework/src/Illuminate/Pipeline/Pipeline.php(144): Illuminate\\Foundation\\Http\\Kernel->Illuminate\\Foundation\\Http\\{closure}()
#18 /home/plushbra/irhebo-backend.smartedge.me/vendor/proengsoft/laravel-jsvalidation/src/RemoteValidationMiddleware.php(61): Illuminate\\Pipeline\\Pipeline->Illuminate\\Pipeline\\{closure}()
#19 /home/plushbra/irhebo-backend.smartedge.me/vendor/laravel/framework/src/Illuminate/Pipeline/Pipeline.php(183): Proengsoft\\JsValidation\\RemoteValidationMiddleware->handle()
#20 /home/plushbra/irhebo-backend.smartedge.me/vendor/laravel/framework/src/Illuminate/Foundation/Http/Middleware/TransformsRequest.php(21): Illuminate\\Pipeline\\Pipeline->Illuminate\\Pipeline\\{closure}()
#21 /home/plushbra/irhebo-backend.smartedge.me/vendor/laravel/framework/src/Illuminate/Foundation/Http/Middleware/ConvertEmptyStringsToNull.php(31): Illuminate\\Foundation\\Http\\Middleware\\TransformsRequest->handle()
#22 /home/plushbra/irhebo-backend.smartedge.me/vendor/laravel/framework/src/Illuminate/Pipeline/Pipeline.php(183): Illuminate\\Foundation\\Http\\Middleware\\ConvertEmptyStringsToNull->handle()
#23 /home/plushbra/irhebo-backend.smartedge.me/vendor/laravel/framework/src/Illuminate/Foundation/Http/Middleware/TransformsRequest.php(21): Illuminate\\Pipeline\\Pipeline->Illuminate\\Pipeline\\{closure}()
#24 /home/plushbra/irhebo-backend.smartedge.me/vendor/laravel/framework/src/Illuminate/Foundation/Http/Middleware/TrimStrings.php(51): Illuminate\\Foundation\\Http\\Middleware\\TransformsRequest->handle()
#25 /home/plushbra/irhebo-backend.smartedge.me/vendor/laravel/framework/src/Illuminate/Pipeline/Pipeline.php(183): Illuminate\\Foundation\\Http\\Middleware\\TrimStrings->handle()
#26 /home/plushbra/irhebo-backend.smartedge.me/vendor/laravel/framework/src/Illuminate/Http/Middleware/ValidatePostSize.php(27): Illuminate\\Pipeline\\Pipeline->Illuminate\\Pipeline\\{closure}()
#27 /home/plushbra/irhebo-backend.smartedge.me/vendor/laravel/framework/src/Illuminate/Pipeline/Pipeline.php(183): Illuminate\\Http\\Middleware\\ValidatePostSize->handle()
#28 /home/plushbra/irhebo-backend.smartedge.me/vendor/laravel/framework/src/Illuminate/Foundation/Http/Middleware/PreventRequestsDuringMaintenance.php(110): Illuminate\\Pipeline\\Pipeline->Illuminate\\Pipeline\\{closure}()
#29 /home/plushbra/irhebo-backend.smartedge.me/vendor/laravel/framework/src/Illuminate/Pipeline/Pipeline.php(183): Illuminate\\Foundation\\Http\\Middleware\\PreventRequestsDuringMaintenance->handle()
#30 /home/plushbra/irhebo-backend.smartedge.me/vendor/laravel/framework/src/Illuminate/Http/Middleware/HandleCors.php(62): Illuminate\\Pipeline\\Pipeline->Illuminate\\Pipeline\\{closure}()
#31 /home/plushbra/irhebo-backend.smartedge.me/vendor/laravel/framework/src/Illuminate/Pipeline/Pipeline.php(183): Illuminate\\Http\\Middleware\\HandleCors->handle()
#32 /home/plushbra/irhebo-backend.smartedge.me/vendor/laravel/framework/src/Illuminate/Http/Middleware/TrustProxies.php(58): Illuminate\\Pipeline\\Pipeline->Illuminate\\Pipeline\\{closure}()
#33 /home/plushbra/irhebo-backend.smartedge.me/vendor/laravel/framework/src/Illuminate/Pipeline/Pipeline.php(183): Illuminate\\Http\\Middleware\\TrustProxies->handle()
#34 /home/plushbra/irhebo-backend.smartedge.me/vendor/laravel/framework/src/Illuminate/Foundation/Http/Middleware/InvokeDeferredCallbacks.php(22): Illuminate\\Pipeline\\Pipeline->Illuminate\\Pipeline\\{closure}()
#35 /home/plushbra/irhebo-backend.smartedge.me/vendor/laravel/framework/src/Illuminate/Pipeline/Pipeline.php(183): Illuminate\\Foundation\\Http\\Middleware\\InvokeDeferredCallbacks->handle()
#36 /home/plushbra/irhebo-backend.smartedge.me/vendor/laravel/framework/src/Illuminate/Pipeline/Pipeline.php(119): Illuminate\\Pipeline\\Pipeline->Illuminate\\Pipeline\\{closure}()
#37 /home/plushbra/irhebo-backend.smartedge.me/vendor/laravel/framework/src/Illuminate/Foundation/Http/Kernel.php(176): Illuminate\\Pipeline\\Pipeline->then()
#38 /home/plushbra/irhebo-backend.smartedge.me/vendor/laravel/framework/src/Illuminate/Foundation/Http/Kernel.php(145): Illuminate\\Foundation\\Http\\Kernel->sendRequestThroughRouter()
#39 /home/plushbra/irhebo-backend.smartedge.me/vendor/laravel/framework/src/Illuminate/Foundation/Application.php(1190): Illuminate\\Foundation\\Http\\Kernel->handle()
#40 /home/plushbra/irhebo-backend.smartedge.me/public/index.php(17): Illuminate\\Foundation\\Application->handleRequest()
#41 {main}
"} 
[2025-06-21 18:16:18] local.ERROR: SQLSTATE[01000]: Warning: 1265 Data truncated for column 'user_one_flag' at row 1 (Connection: mysql, SQL: update `chats` set `user_one_flag` = starred, `chats`.`updated_at` = 2025-06-21 18:16:18 where `id` = 4) {"userId":94,"exception":"[object] (Illuminate\\Database\\QueryException(code: 01000): SQLSTATE[01000]: Warning: 1265 Data truncated for column 'user_one_flag' at row 1 (Connection: mysql, SQL: update `chats` set `user_one_flag` = starred, `chats`.`updated_at` = 2025-06-21 18:16:18 where `id` = 4) at /home/plushbra/irhebo-backend.smartedge.me/vendor/laravel/framework/src/Illuminate/Database/Connection.php:825)
[stacktrace]
#0 /home/plushbra/irhebo-backend.smartedge.me/vendor/laravel/framework/src/Illuminate/Database/Connection.php(779): Illuminate\\Database\\Connection->runQueryCallback()
#1 /home/plushbra/irhebo-backend.smartedge.me/vendor/laravel/framework/src/Illuminate/Database/Connection.php(584): Illuminate\\Database\\Connection->run()
#2 /home/plushbra/irhebo-backend.smartedge.me/vendor/laravel/framework/src/Illuminate/Database/Connection.php(536): Illuminate\\Database\\Connection->affectingStatement()
#3 /home/plushbra/irhebo-backend.smartedge.me/vendor/laravel/framework/src/Illuminate/Database/Query/Builder.php(3866): Illuminate\\Database\\Connection->update()
#4 /home/plushbra/irhebo-backend.smartedge.me/vendor/laravel/framework/src/Illuminate/Database/Eloquent/Builder.php(1128): Illuminate\\Database\\Query\\Builder->update()
#5 /home/plushbra/irhebo-backend.smartedge.me/vendor/laravel/framework/src/Illuminate/Database/Eloquent/Model.php(1239): Illuminate\\Database\\Eloquent\\Builder->update()
#6 /home/plushbra/irhebo-backend.smartedge.me/vendor/laravel/framework/src/Illuminate/Database/Eloquent/Model.php(1156): Illuminate\\Database\\Eloquent\\Model->performUpdate()
#7 /home/plushbra/irhebo-backend.smartedge.me/app/Http/Controllers/Api/ChatController.php(219): Illuminate\\Database\\Eloquent\\Model->save()
#8 /home/plushbra/irhebo-backend.smartedge.me/vendor/laravel/framework/src/Illuminate/Routing/ControllerDispatcher.php(47): App\\Http\\Controllers\\Api\\ChatController->toggleFlag()
#9 /home/plushbra/irhebo-backend.smartedge.me/vendor/laravel/framework/src/Illuminate/Routing/Route.php(266): Illuminate\\Routing\\ControllerDispatcher->dispatch()
#10 /home/plushbra/irhebo-backend.smartedge.me/vendor/laravel/framework/src/Illuminate/Routing/Route.php(212): Illuminate\\Routing\\Route->runController()
#11 /home/plushbra/irhebo-backend.smartedge.me/vendor/laravel/framework/src/Illuminate/Routing/Router.php(808): Illuminate\\Routing\\Route->run()
#12 /home/plushbra/irhebo-backend.smartedge.me/vendor/laravel/framework/src/Illuminate/Pipeline/Pipeline.php(144): Illuminate\\Routing\\Router->Illuminate\\Routing\\{closure}()
#13 /home/plushbra/irhebo-backend.smartedge.me/app/Http/Middleware/SetLocaleFromHeader.php(25): Illuminate\\Pipeline\\Pipeline->Illuminate\\Pipeline\\{closure}()
#14 /home/plushbra/irhebo-backend.smartedge.me/vendor/laravel/framework/src/Illuminate/Pipeline/Pipeline.php(183): App\\Http\\Middleware\\SetLocaleFromHeader->handle()
#15 /home/plushbra/irhebo-backend.smartedge.me/vendor/laravel/framework/src/Illuminate/Routing/Middleware/SubstituteBindings.php(51): Illuminate\\Pipeline\\Pipeline->Illuminate\\Pipeline\\{closure}()
#16 /home/plushbra/irhebo-backend.smartedge.me/vendor/laravel/framework/src/Illuminate/Pipeline/Pipeline.php(183): Illuminate\\Routing\\Middleware\\SubstituteBindings->handle()
#17 /home/plushbra/irhebo-backend.smartedge.me/vendor/laravel/framework/src/Illuminate/Auth/Middleware/Authenticate.php(64): Illuminate\\Pipeline\\Pipeline->Illuminate\\Pipeline\\{closure}()
#18 /home/plushbra/irhebo-backend.smartedge.me/vendor/laravel/framework/src/Illuminate/Pipeline/Pipeline.php(183): Illuminate\\Auth\\Middleware\\Authenticate->handle()
#19 /home/plushbra/irhebo-backend.smartedge.me/vendor/laravel/framework/src/Illuminate/Pipeline/Pipeline.php(119): Illuminate\\Pipeline\\Pipeline->Illuminate\\Pipeline\\{closure}()
#20 /home/plushbra/irhebo-backend.smartedge.me/vendor/laravel/framework/src/Illuminate/Routing/Router.php(807): Illuminate\\Pipeline\\Pipeline->then()
#21 /home/plushbra/irhebo-backend.smartedge.me/vendor/laravel/framework/src/Illuminate/Routing/Router.php(786): Illuminate\\Routing\\Router->runRouteWithinStack()
#22 /home/plushbra/irhebo-backend.smartedge.me/vendor/laravel/framework/src/Illuminate/Routing/Router.php(750): Illuminate\\Routing\\Router->runRoute()
#23 /home/plushbra/irhebo-backend.smartedge.me/vendor/laravel/framework/src/Illuminate/Routing/Router.php(739): Illuminate\\Routing\\Router->dispatchToRoute()
#24 /home/plushbra/irhebo-backend.smartedge.me/vendor/laravel/framework/src/Illuminate/Foundation/Http/Kernel.php(201): Illuminate\\Routing\\Router->dispatch()
#25 /home/plushbra/irhebo-backend.smartedge.me/vendor/laravel/framework/src/Illuminate/Pipeline/Pipeline.php(144): Illuminate\\Foundation\\Http\\Kernel->Illuminate\\Foundation\\Http\\{closure}()
#26 /home/plushbra/irhebo-backend.smartedge.me/vendor/proengsoft/laravel-jsvalidation/src/RemoteValidationMiddleware.php(61): Illuminate\\Pipeline\\Pipeline->Illuminate\\Pipeline\\{closure}()
#27 /home/plushbra/irhebo-backend.smartedge.me/vendor/laravel/framework/src/Illuminate/Pipeline/Pipeline.php(183): Proengsoft\\JsValidation\\RemoteValidationMiddleware->handle()
#28 /home/plushbra/irhebo-backend.smartedge.me/vendor/laravel/framework/src/Illuminate/Foundation/Http/Middleware/TransformsRequest.php(21): Illuminate\\Pipeline\\Pipeline->Illuminate\\Pipeline\\{closure}()
#29 /home/plushbra/irhebo-backend.smartedge.me/vendor/laravel/framework/src/Illuminate/Foundation/Http/Middleware/ConvertEmptyStringsToNull.php(31): Illuminate\\Foundation\\Http\\Middleware\\TransformsRequest->handle()
#30 /home/plushbra/irhebo-backend.smartedge.me/vendor/laravel/framework/src/Illuminate/Pipeline/Pipeline.php(183): Illuminate\\Foundation\\Http\\Middleware\\ConvertEmptyStringsToNull->handle()
#31 /home/plushbra/irhebo-backend.smartedge.me/vendor/laravel/framework/src/Illuminate/Foundation/Http/Middleware/TransformsRequest.php(21): Illuminate\\Pipeline\\Pipeline->Illuminate\\Pipeline\\{closure}()
#32 /home/plushbra/irhebo-backend.smartedge.me/vendor/laravel/framework/src/Illuminate/Foundation/Http/Middleware/TrimStrings.php(51): Illuminate\\Foundation\\Http\\Middleware\\TransformsRequest->handle()
#33 /home/plushbra/irhebo-backend.smartedge.me/vendor/laravel/framework/src/Illuminate/Pipeline/Pipeline.php(183): Illuminate\\Foundation\\Http\\Middleware\\TrimStrings->handle()
#34 /home/plushbra/irhebo-backend.smartedge.me/vendor/laravel/framework/src/Illuminate/Http/Middleware/ValidatePostSize.php(27): Illuminate\\Pipeline\\Pipeline->Illuminate\\Pipeline\\{closure}()
#35 /home/plushbra/irhebo-backend.smartedge.me/vendor/laravel/framework/src/Illuminate/Pipeline/Pipeline.php(183): Illuminate\\Http\\Middleware\\ValidatePostSize->handle()
#36 /home/plushbra/irhebo-backend.smartedge.me/vendor/laravel/framework/src/Illuminate/Foundation/Http/Middleware/PreventRequestsDuringMaintenance.php(110): Illuminate\\Pipeline\\Pipeline->Illuminate\\Pipeline\\{closure}()
#37 /home/plushbra/irhebo-backend.smartedge.me/vendor/laravel/framework/src/Illuminate/Pipeline/Pipeline.php(183): Illuminate\\Foundation\\Http\\Middleware\\PreventRequestsDuringMaintenance->handle()
#38 /home/plushbra/irhebo-backend.smartedge.me/vendor/laravel/framework/src/Illuminate/Http/Middleware/HandleCors.php(62): Illuminate\\Pipeline\\Pipeline->Illuminate\\Pipeline\\{closure}()
#39 /home/plushbra/irhebo-backend.smartedge.me/vendor/laravel/framework/src/Illuminate/Pipeline/Pipeline.php(183): Illuminate\\Http\\Middleware\\HandleCors->handle()
#40 /home/plushbra/irhebo-backend.smartedge.me/vendor/laravel/framework/src/Illuminate/Http/Middleware/TrustProxies.php(58): Illuminate\\Pipeline\\Pipeline->Illuminate\\Pipeline\\{closure}()
#41 /home/plushbra/irhebo-backend.smartedge.me/vendor/laravel/framework/src/Illuminate/Pipeline/Pipeline.php(183): Illuminate\\Http\\Middleware\\TrustProxies->handle()
#42 /home/plushbra/irhebo-backend.smartedge.me/vendor/laravel/framework/src/Illuminate/Foundation/Http/Middleware/InvokeDeferredCallbacks.php(22): Illuminate\\Pipeline\\Pipeline->Illuminate\\Pipeline\\{closure}()
#43 /home/plushbra/irhebo-backend.smartedge.me/vendor/laravel/framework/src/Illuminate/Pipeline/Pipeline.php(183): Illuminate\\Foundation\\Http\\Middleware\\InvokeDeferredCallbacks->handle()
#44 /home/plushbra/irhebo-backend.smartedge.me/vendor/laravel/framework/src/Illuminate/Pipeline/Pipeline.php(119): Illuminate\\Pipeline\\Pipeline->Illuminate\\Pipeline\\{closure}()
#45 /home/plushbra/irhebo-backend.smartedge.me/vendor/laravel/framework/src/Illuminate/Foundation/Http/Kernel.php(176): Illuminate\\Pipeline\\Pipeline->then()
#46 /home/plushbra/irhebo-backend.smartedge.me/vendor/laravel/framework/src/Illuminate/Foundation/Http/Kernel.php(145): Illuminate\\Foundation\\Http\\Kernel->sendRequestThroughRouter()
#47 /home/plushbra/irhebo-backend.smartedge.me/vendor/laravel/framework/src/Illuminate/Foundation/Application.php(1190): Illuminate\\Foundation\\Http\\Kernel->handle()
#48 /home/plushbra/irhebo-backend.smartedge.me/public/index.php(17): Illuminate\\Foundation\\Application->handleRequest()
#49 {main}

[previous exception] [object] (PDOException(code: 01000): SQLSTATE[01000]: Warning: 1265 Data truncated for column 'user_one_flag' at row 1 at /home/plushbra/irhebo-backend.smartedge.me/vendor/laravel/framework/src/Illuminate/Database/Connection.php:596)
[stacktrace]
#0 /home/plushbra/irhebo-backend.smartedge.me/vendor/laravel/framework/src/Illuminate/Database/Connection.php(596): PDOStatement->execute()
#1 /home/plushbra/irhebo-backend.smartedge.me/vendor/laravel/framework/src/Illuminate/Database/Connection.php(812): Illuminate\\Database\\Connection->Illuminate\\Database\\{closure}()
#2 /home/plushbra/irhebo-backend.smartedge.me/vendor/laravel/framework/src/Illuminate/Database/Connection.php(779): Illuminate\\Database\\Connection->runQueryCallback()
#3 /home/plushbra/irhebo-backend.smartedge.me/vendor/laravel/framework/src/Illuminate/Database/Connection.php(584): Illuminate\\Database\\Connection->run()
#4 /home/plushbra/irhebo-backend.smartedge.me/vendor/laravel/framework/src/Illuminate/Database/Connection.php(536): Illuminate\\Database\\Connection->affectingStatement()
#5 /home/plushbra/irhebo-backend.smartedge.me/vendor/laravel/framework/src/Illuminate/Database/Query/Builder.php(3866): Illuminate\\Database\\Connection->update()
#6 /home/plushbra/irhebo-backend.smartedge.me/vendor/laravel/framework/src/Illuminate/Database/Eloquent/Builder.php(1128): Illuminate\\Database\\Query\\Builder->update()
#7 /home/plushbra/irhebo-backend.smartedge.me/vendor/laravel/framework/src/Illuminate/Database/Eloquent/Model.php(1239): Illuminate\\Database\\Eloquent\\Builder->update()
#8 /home/plushbra/irhebo-backend.smartedge.me/vendor/laravel/framework/src/Illuminate/Database/Eloquent/Model.php(1156): Illuminate\\Database\\Eloquent\\Model->performUpdate()
#9 /home/plushbra/irhebo-backend.smartedge.me/app/Http/Controllers/Api/ChatController.php(219): Illuminate\\Database\\Eloquent\\Model->save()
#10 /home/plushbra/irhebo-backend.smartedge.me/vendor/laravel/framework/src/Illuminate/Routing/ControllerDispatcher.php(47): App\\Http\\Controllers\\Api\\ChatController->toggleFlag()
#11 /home/plushbra/irhebo-backend.smartedge.me/vendor/laravel/framework/src/Illuminate/Routing/Route.php(266): Illuminate\\Routing\\ControllerDispatcher->dispatch()
#12 /home/plushbra/irhebo-backend.smartedge.me/vendor/laravel/framework/src/Illuminate/Routing/Route.php(212): Illuminate\\Routing\\Route->runController()
#13 /home/plushbra/irhebo-backend.smartedge.me/vendor/laravel/framework/src/Illuminate/Routing/Router.php(808): Illuminate\\Routing\\Route->run()
#14 /home/plushbra/irhebo-backend.smartedge.me/vendor/laravel/framework/src/Illuminate/Pipeline/Pipeline.php(144): Illuminate\\Routing\\Router->Illuminate\\Routing\\{closure}()
#15 /home/plushbra/irhebo-backend.smartedge.me/app/Http/Middleware/SetLocaleFromHeader.php(25): Illuminate\\Pipeline\\Pipeline->Illuminate\\Pipeline\\{closure}()
#16 /home/plushbra/irhebo-backend.smartedge.me/vendor/laravel/framework/src/Illuminate/Pipeline/Pipeline.php(183): App\\Http\\Middleware\\SetLocaleFromHeader->handle()
#17 /home/plushbra/irhebo-backend.smartedge.me/vendor/laravel/framework/src/Illuminate/Routing/Middleware/SubstituteBindings.php(51): Illuminate\\Pipeline\\Pipeline->Illuminate\\Pipeline\\{closure}()
#18 /home/plushbra/irhebo-backend.smartedge.me/vendor/laravel/framework/src/Illuminate/Pipeline/Pipeline.php(183): Illuminate\\Routing\\Middleware\\SubstituteBindings->handle()
#19 /home/plushbra/irhebo-backend.smartedge.me/vendor/laravel/framework/src/Illuminate/Auth/Middleware/Authenticate.php(64): Illuminate\\Pipeline\\Pipeline->Illuminate\\Pipeline\\{closure}()
#20 /home/plushbra/irhebo-backend.smartedge.me/vendor/laravel/framework/src/Illuminate/Pipeline/Pipeline.php(183): Illuminate\\Auth\\Middleware\\Authenticate->handle()
#21 /home/plushbra/irhebo-backend.smartedge.me/vendor/laravel/framework/src/Illuminate/Pipeline/Pipeline.php(119): Illuminate\\Pipeline\\Pipeline->Illuminate\\Pipeline\\{closure}()
#22 /home/plushbra/irhebo-backend.smartedge.me/vendor/laravel/framework/src/Illuminate/Routing/Router.php(807): Illuminate\\Pipeline\\Pipeline->then()
#23 /home/plushbra/irhebo-backend.smartedge.me/vendor/laravel/framework/src/Illuminate/Routing/Router.php(786): Illuminate\\Routing\\Router->runRouteWithinStack()
#24 /home/plushbra/irhebo-backend.smartedge.me/vendor/laravel/framework/src/Illuminate/Routing/Router.php(750): Illuminate\\Routing\\Router->runRoute()
#25 /home/plushbra/irhebo-backend.smartedge.me/vendor/laravel/framework/src/Illuminate/Routing/Router.php(739): Illuminate\\Routing\\Router->dispatchToRoute()
#26 /home/plushbra/irhebo-backend.smartedge.me/vendor/laravel/framework/src/Illuminate/Foundation/Http/Kernel.php(201): Illuminate\\Routing\\Router->dispatch()
#27 /home/plushbra/irhebo-backend.smartedge.me/vendor/laravel/framework/src/Illuminate/Pipeline/Pipeline.php(144): Illuminate\\Foundation\\Http\\Kernel->Illuminate\\Foundation\\Http\\{closure}()
#28 /home/plushbra/irhebo-backend.smartedge.me/vendor/proengsoft/laravel-jsvalidation/src/RemoteValidationMiddleware.php(61): Illuminate\\Pipeline\\Pipeline->Illuminate\\Pipeline\\{closure}()
#29 /home/plushbra/irhebo-backend.smartedge.me/vendor/laravel/framework/src/Illuminate/Pipeline/Pipeline.php(183): Proengsoft\\JsValidation\\RemoteValidationMiddleware->handle()
#30 /home/plushbra/irhebo-backend.smartedge.me/vendor/laravel/framework/src/Illuminate/Foundation/Http/Middleware/TransformsRequest.php(21): Illuminate\\Pipeline\\Pipeline->Illuminate\\Pipeline\\{closure}()
#31 /home/plushbra/irhebo-backend.smartedge.me/vendor/laravel/framework/src/Illuminate/Foundation/Http/Middleware/ConvertEmptyStringsToNull.php(31): Illuminate\\Foundation\\Http\\Middleware\\TransformsRequest->handle()
#32 /home/plushbra/irhebo-backend.smartedge.me/vendor/laravel/framework/src/Illuminate/Pipeline/Pipeline.php(183): Illuminate\\Foundation\\Http\\Middleware\\ConvertEmptyStringsToNull->handle()
#33 /home/plushbra/irhebo-backend.smartedge.me/vendor/laravel/framework/src/Illuminate/Foundation/Http/Middleware/TransformsRequest.php(21): Illuminate\\Pipeline\\Pipeline->Illuminate\\Pipeline\\{closure}()
#34 /home/plushbra/irhebo-backend.smartedge.me/vendor/laravel/framework/src/Illuminate/Foundation/Http/Middleware/TrimStrings.php(51): Illuminate\\Foundation\\Http\\Middleware\\TransformsRequest->handle()
#35 /home/plushbra/irhebo-backend.smartedge.me/vendor/laravel/framework/src/Illuminate/Pipeline/Pipeline.php(183): Illuminate\\Foundation\\Http\\Middleware\\TrimStrings->handle()
#36 /home/plushbra/irhebo-backend.smartedge.me/vendor/laravel/framework/src/Illuminate/Http/Middleware/ValidatePostSize.php(27): Illuminate\\Pipeline\\Pipeline->Illuminate\\Pipeline\\{closure}()
#37 /home/plushbra/irhebo-backend.smartedge.me/vendor/laravel/framework/src/Illuminate/Pipeline/Pipeline.php(183): Illuminate\\Http\\Middleware\\ValidatePostSize->handle()
#38 /home/plushbra/irhebo-backend.smartedge.me/vendor/laravel/framework/src/Illuminate/Foundation/Http/Middleware/PreventRequestsDuringMaintenance.php(110): Illuminate\\Pipeline\\Pipeline->Illuminate\\Pipeline\\{closure}()
#39 /home/plushbra/irhebo-backend.smartedge.me/vendor/laravel/framework/src/Illuminate/Pipeline/Pipeline.php(183): Illuminate\\Foundation\\Http\\Middleware\\PreventRequestsDuringMaintenance->handle()
#40 /home/plushbra/irhebo-backend.smartedge.me/vendor/laravel/framework/src/Illuminate/Http/Middleware/HandleCors.php(62): Illuminate\\Pipeline\\Pipeline->Illuminate\\Pipeline\\{closure}()
#41 /home/plushbra/irhebo-backend.smartedge.me/vendor/laravel/framework/src/Illuminate/Pipeline/Pipeline.php(183): Illuminate\\Http\\Middleware\\HandleCors->handle()
#42 /home/plushbra/irhebo-backend.smartedge.me/vendor/laravel/framework/src/Illuminate/Http/Middleware/TrustProxies.php(58): Illuminate\\Pipeline\\Pipeline->Illuminate\\Pipeline\\{closure}()
#43 /home/plushbra/irhebo-backend.smartedge.me/vendor/laravel/framework/src/Illuminate/Pipeline/Pipeline.php(183): Illuminate\\Http\\Middleware\\TrustProxies->handle()
#44 /home/plushbra/irhebo-backend.smartedge.me/vendor/laravel/framework/src/Illuminate/Foundation/Http/Middleware/InvokeDeferredCallbacks.php(22): Illuminate\\Pipeline\\Pipeline->Illuminate\\Pipeline\\{closure}()
#45 /home/plushbra/irhebo-backend.smartedge.me/vendor/laravel/framework/src/Illuminate/Pipeline/Pipeline.php(183): Illuminate\\Foundation\\Http\\Middleware\\InvokeDeferredCallbacks->handle()
#46 /home/plushbra/irhebo-backend.smartedge.me/vendor/laravel/framework/src/Illuminate/Pipeline/Pipeline.php(119): Illuminate\\Pipeline\\Pipeline->Illuminate\\Pipeline\\{closure}()
#47 /home/plushbra/irhebo-backend.smartedge.me/vendor/laravel/framework/src/Illuminate/Foundation/Http/Kernel.php(176): Illuminate\\Pipeline\\Pipeline->then()
#48 /home/plushbra/irhebo-backend.smartedge.me/vendor/laravel/framework/src/Illuminate/Foundation/Http/Kernel.php(145): Illuminate\\Foundation\\Http\\Kernel->sendRequestThroughRouter()
#49 /home/plushbra/irhebo-backend.smartedge.me/vendor/laravel/framework/src/Illuminate/Foundation/Application.php(1190): Illuminate\\Foundation\\Http\\Kernel->handle()
#50 /home/plushbra/irhebo-backend.smartedge.me/public/index.php(17): Illuminate\\Foundation\\Application->handleRequest()
#51 {main}
"} 
[2025-06-21 18:20:14] local.ERROR: SQLSTATE[01000]: Warning: 1265 Data truncated for column 'user_one_flag' at row 1 (Connection: mysql, SQL: update `chats` set `user_one_flag` = starred, `chats`.`updated_at` = 2025-06-21 18:20:14 where `id` = 3) {"userId":94,"exception":"[object] (Illuminate\\Database\\QueryException(code: 01000): SQLSTATE[01000]: Warning: 1265 Data truncated for column 'user_one_flag' at row 1 (Connection: mysql, SQL: update `chats` set `user_one_flag` = starred, `chats`.`updated_at` = 2025-06-21 18:20:14 where `id` = 3) at /home/plushbra/irhebo-backend.smartedge.me/vendor/laravel/framework/src/Illuminate/Database/Connection.php:825)
[stacktrace]
#0 /home/plushbra/irhebo-backend.smartedge.me/vendor/laravel/framework/src/Illuminate/Database/Connection.php(779): Illuminate\\Database\\Connection->runQueryCallback()
#1 /home/plushbra/irhebo-backend.smartedge.me/vendor/laravel/framework/src/Illuminate/Database/Connection.php(584): Illuminate\\Database\\Connection->run()
#2 /home/plushbra/irhebo-backend.smartedge.me/vendor/laravel/framework/src/Illuminate/Database/Connection.php(536): Illuminate\\Database\\Connection->affectingStatement()
#3 /home/plushbra/irhebo-backend.smartedge.me/vendor/laravel/framework/src/Illuminate/Database/Query/Builder.php(3866): Illuminate\\Database\\Connection->update()
#4 /home/plushbra/irhebo-backend.smartedge.me/vendor/laravel/framework/src/Illuminate/Database/Eloquent/Builder.php(1128): Illuminate\\Database\\Query\\Builder->update()
#5 /home/plushbra/irhebo-backend.smartedge.me/vendor/laravel/framework/src/Illuminate/Database/Eloquent/Model.php(1239): Illuminate\\Database\\Eloquent\\Builder->update()
#6 /home/plushbra/irhebo-backend.smartedge.me/vendor/laravel/framework/src/Illuminate/Database/Eloquent/Model.php(1156): Illuminate\\Database\\Eloquent\\Model->performUpdate()
#7 /home/plushbra/irhebo-backend.smartedge.me/app/Http/Controllers/Api/ChatController.php(219): Illuminate\\Database\\Eloquent\\Model->save()
#8 /home/plushbra/irhebo-backend.smartedge.me/vendor/laravel/framework/src/Illuminate/Routing/ControllerDispatcher.php(47): App\\Http\\Controllers\\Api\\ChatController->toggleFlag()
#9 /home/plushbra/irhebo-backend.smartedge.me/vendor/laravel/framework/src/Illuminate/Routing/Route.php(266): Illuminate\\Routing\\ControllerDispatcher->dispatch()
#10 /home/plushbra/irhebo-backend.smartedge.me/vendor/laravel/framework/src/Illuminate/Routing/Route.php(212): Illuminate\\Routing\\Route->runController()
#11 /home/plushbra/irhebo-backend.smartedge.me/vendor/laravel/framework/src/Illuminate/Routing/Router.php(808): Illuminate\\Routing\\Route->run()
#12 /home/plushbra/irhebo-backend.smartedge.me/vendor/laravel/framework/src/Illuminate/Pipeline/Pipeline.php(144): Illuminate\\Routing\\Router->Illuminate\\Routing\\{closure}()
#13 /home/plushbra/irhebo-backend.smartedge.me/app/Http/Middleware/SetLocaleFromHeader.php(25): Illuminate\\Pipeline\\Pipeline->Illuminate\\Pipeline\\{closure}()
#14 /home/plushbra/irhebo-backend.smartedge.me/vendor/laravel/framework/src/Illuminate/Pipeline/Pipeline.php(183): App\\Http\\Middleware\\SetLocaleFromHeader->handle()
#15 /home/plushbra/irhebo-backend.smartedge.me/vendor/laravel/framework/src/Illuminate/Routing/Middleware/SubstituteBindings.php(51): Illuminate\\Pipeline\\Pipeline->Illuminate\\Pipeline\\{closure}()
#16 /home/plushbra/irhebo-backend.smartedge.me/vendor/laravel/framework/src/Illuminate/Pipeline/Pipeline.php(183): Illuminate\\Routing\\Middleware\\SubstituteBindings->handle()
#17 /home/plushbra/irhebo-backend.smartedge.me/vendor/laravel/framework/src/Illuminate/Auth/Middleware/Authenticate.php(64): Illuminate\\Pipeline\\Pipeline->Illuminate\\Pipeline\\{closure}()
#18 /home/plushbra/irhebo-backend.smartedge.me/vendor/laravel/framework/src/Illuminate/Pipeline/Pipeline.php(183): Illuminate\\Auth\\Middleware\\Authenticate->handle()
#19 /home/plushbra/irhebo-backend.smartedge.me/vendor/laravel/framework/src/Illuminate/Pipeline/Pipeline.php(119): Illuminate\\Pipeline\\Pipeline->Illuminate\\Pipeline\\{closure}()
#20 /home/plushbra/irhebo-backend.smartedge.me/vendor/laravel/framework/src/Illuminate/Routing/Router.php(807): Illuminate\\Pipeline\\Pipeline->then()
#21 /home/plushbra/irhebo-backend.smartedge.me/vendor/laravel/framework/src/Illuminate/Routing/Router.php(786): Illuminate\\Routing\\Router->runRouteWithinStack()
#22 /home/plushbra/irhebo-backend.smartedge.me/vendor/laravel/framework/src/Illuminate/Routing/Router.php(750): Illuminate\\Routing\\Router->runRoute()
#23 /home/plushbra/irhebo-backend.smartedge.me/vendor/laravel/framework/src/Illuminate/Routing/Router.php(739): Illuminate\\Routing\\Router->dispatchToRoute()
#24 /home/plushbra/irhebo-backend.smartedge.me/vendor/laravel/framework/src/Illuminate/Foundation/Http/Kernel.php(201): Illuminate\\Routing\\Router->dispatch()
#25 /home/plushbra/irhebo-backend.smartedge.me/vendor/laravel/framework/src/Illuminate/Pipeline/Pipeline.php(144): Illuminate\\Foundation\\Http\\Kernel->Illuminate\\Foundation\\Http\\{closure}()
#26 /home/plushbra/irhebo-backend.smartedge.me/vendor/proengsoft/laravel-jsvalidation/src/RemoteValidationMiddleware.php(61): Illuminate\\Pipeline\\Pipeline->Illuminate\\Pipeline\\{closure}()
#27 /home/plushbra/irhebo-backend.smartedge.me/vendor/laravel/framework/src/Illuminate/Pipeline/Pipeline.php(183): Proengsoft\\JsValidation\\RemoteValidationMiddleware->handle()
#28 /home/plushbra/irhebo-backend.smartedge.me/vendor/laravel/framework/src/Illuminate/Foundation/Http/Middleware/TransformsRequest.php(21): Illuminate\\Pipeline\\Pipeline->Illuminate\\Pipeline\\{closure}()
#29 /home/plushbra/irhebo-backend.smartedge.me/vendor/laravel/framework/src/Illuminate/Foundation/Http/Middleware/ConvertEmptyStringsToNull.php(31): Illuminate\\Foundation\\Http\\Middleware\\TransformsRequest->handle()
#30 /home/plushbra/irhebo-backend.smartedge.me/vendor/laravel/framework/src/Illuminate/Pipeline/Pipeline.php(183): Illuminate\\Foundation\\Http\\Middleware\\ConvertEmptyStringsToNull->handle()
#31 /home/plushbra/irhebo-backend.smartedge.me/vendor/laravel/framework/src/Illuminate/Foundation/Http/Middleware/TransformsRequest.php(21): Illuminate\\Pipeline\\Pipeline->Illuminate\\Pipeline\\{closure}()
#32 /home/plushbra/irhebo-backend.smartedge.me/vendor/laravel/framework/src/Illuminate/Foundation/Http/Middleware/TrimStrings.php(51): Illuminate\\Foundation\\Http\\Middleware\\TransformsRequest->handle()
#33 /home/plushbra/irhebo-backend.smartedge.me/vendor/laravel/framework/src/Illuminate/Pipeline/Pipeline.php(183): Illuminate\\Foundation\\Http\\Middleware\\TrimStrings->handle()
#34 /home/plushbra/irhebo-backend.smartedge.me/vendor/laravel/framework/src/Illuminate/Http/Middleware/ValidatePostSize.php(27): Illuminate\\Pipeline\\Pipeline->Illuminate\\Pipeline\\{closure}()
#35 /home/plushbra/irhebo-backend.smartedge.me/vendor/laravel/framework/src/Illuminate/Pipeline/Pipeline.php(183): Illuminate\\Http\\Middleware\\ValidatePostSize->handle()
#36 /home/plushbra/irhebo-backend.smartedge.me/vendor/laravel/framework/src/Illuminate/Foundation/Http/Middleware/PreventRequestsDuringMaintenance.php(110): Illuminate\\Pipeline\\Pipeline->Illuminate\\Pipeline\\{closure}()
#37 /home/plushbra/irhebo-backend.smartedge.me/vendor/laravel/framework/src/Illuminate/Pipeline/Pipeline.php(183): Illuminate\\Foundation\\Http\\Middleware\\PreventRequestsDuringMaintenance->handle()
#38 /home/plushbra/irhebo-backend.smartedge.me/vendor/laravel/framework/src/Illuminate/Http/Middleware/HandleCors.php(62): Illuminate\\Pipeline\\Pipeline->Illuminate\\Pipeline\\{closure}()
#39 /home/plushbra/irhebo-backend.smartedge.me/vendor/laravel/framework/src/Illuminate/Pipeline/Pipeline.php(183): Illuminate\\Http\\Middleware\\HandleCors->handle()
#40 /home/plushbra/irhebo-backend.smartedge.me/vendor/laravel/framework/src/Illuminate/Http/Middleware/TrustProxies.php(58): Illuminate\\Pipeline\\Pipeline->Illuminate\\Pipeline\\{closure}()
#41 /home/plushbra/irhebo-backend.smartedge.me/vendor/laravel/framework/src/Illuminate/Pipeline/Pipeline.php(183): Illuminate\\Http\\Middleware\\TrustProxies->handle()
#42 /home/plushbra/irhebo-backend.smartedge.me/vendor/laravel/framework/src/Illuminate/Foundation/Http/Middleware/InvokeDeferredCallbacks.php(22): Illuminate\\Pipeline\\Pipeline->Illuminate\\Pipeline\\{closure}()
#43 /home/plushbra/irhebo-backend.smartedge.me/vendor/laravel/framework/src/Illuminate/Pipeline/Pipeline.php(183): Illuminate\\Foundation\\Http\\Middleware\\InvokeDeferredCallbacks->handle()
#44 /home/plushbra/irhebo-backend.smartedge.me/vendor/laravel/framework/src/Illuminate/Pipeline/Pipeline.php(119): Illuminate\\Pipeline\\Pipeline->Illuminate\\Pipeline\\{closure}()
#45 /home/plushbra/irhebo-backend.smartedge.me/vendor/laravel/framework/src/Illuminate/Foundation/Http/Kernel.php(176): Illuminate\\Pipeline\\Pipeline->then()
#46 /home/plushbra/irhebo-backend.smartedge.me/vendor/laravel/framework/src/Illuminate/Foundation/Http/Kernel.php(145): Illuminate\\Foundation\\Http\\Kernel->sendRequestThroughRouter()
#47 /home/plushbra/irhebo-backend.smartedge.me/vendor/laravel/framework/src/Illuminate/Foundation/Application.php(1190): Illuminate\\Foundation\\Http\\Kernel->handle()
#48 /home/plushbra/irhebo-backend.smartedge.me/public/index.php(17): Illuminate\\Foundation\\Application->handleRequest()
#49 {main}

[previous exception] [object] (PDOException(code: 01000): SQLSTATE[01000]: Warning: 1265 Data truncated for column 'user_one_flag' at row 1 at /home/plushbra/irhebo-backend.smartedge.me/vendor/laravel/framework/src/Illuminate/Database/Connection.php:596)
[stacktrace]
#0 /home/plushbra/irhebo-backend.smartedge.me/vendor/laravel/framework/src/Illuminate/Database/Connection.php(596): PDOStatement->execute()
#1 /home/plushbra/irhebo-backend.smartedge.me/vendor/laravel/framework/src/Illuminate/Database/Connection.php(812): Illuminate\\Database\\Connection->Illuminate\\Database\\{closure}()
#2 /home/plushbra/irhebo-backend.smartedge.me/vendor/laravel/framework/src/Illuminate/Database/Connection.php(779): Illuminate\\Database\\Connection->runQueryCallback()
#3 /home/plushbra/irhebo-backend.smartedge.me/vendor/laravel/framework/src/Illuminate/Database/Connection.php(584): Illuminate\\Database\\Connection->run()
#4 /home/plushbra/irhebo-backend.smartedge.me/vendor/laravel/framework/src/Illuminate/Database/Connection.php(536): Illuminate\\Database\\Connection->affectingStatement()
#5 /home/plushbra/irhebo-backend.smartedge.me/vendor/laravel/framework/src/Illuminate/Database/Query/Builder.php(3866): Illuminate\\Database\\Connection->update()
#6 /home/plushbra/irhebo-backend.smartedge.me/vendor/laravel/framework/src/Illuminate/Database/Eloquent/Builder.php(1128): Illuminate\\Database\\Query\\Builder->update()
#7 /home/plushbra/irhebo-backend.smartedge.me/vendor/laravel/framework/src/Illuminate/Database/Eloquent/Model.php(1239): Illuminate\\Database\\Eloquent\\Builder->update()
#8 /home/plushbra/irhebo-backend.smartedge.me/vendor/laravel/framework/src/Illuminate/Database/Eloquent/Model.php(1156): Illuminate\\Database\\Eloquent\\Model->performUpdate()
#9 /home/plushbra/irhebo-backend.smartedge.me/app/Http/Controllers/Api/ChatController.php(219): Illuminate\\Database\\Eloquent\\Model->save()
#10 /home/plushbra/irhebo-backend.smartedge.me/vendor/laravel/framework/src/Illuminate/Routing/ControllerDispatcher.php(47): App\\Http\\Controllers\\Api\\ChatController->toggleFlag()
#11 /home/plushbra/irhebo-backend.smartedge.me/vendor/laravel/framework/src/Illuminate/Routing/Route.php(266): Illuminate\\Routing\\ControllerDispatcher->dispatch()
#12 /home/plushbra/irhebo-backend.smartedge.me/vendor/laravel/framework/src/Illuminate/Routing/Route.php(212): Illuminate\\Routing\\Route->runController()
#13 /home/plushbra/irhebo-backend.smartedge.me/vendor/laravel/framework/src/Illuminate/Routing/Router.php(808): Illuminate\\Routing\\Route->run()
#14 /home/plushbra/irhebo-backend.smartedge.me/vendor/laravel/framework/src/Illuminate/Pipeline/Pipeline.php(144): Illuminate\\Routing\\Router->Illuminate\\Routing\\{closure}()
#15 /home/plushbra/irhebo-backend.smartedge.me/app/Http/Middleware/SetLocaleFromHeader.php(25): Illuminate\\Pipeline\\Pipeline->Illuminate\\Pipeline\\{closure}()
#16 /home/plushbra/irhebo-backend.smartedge.me/vendor/laravel/framework/src/Illuminate/Pipeline/Pipeline.php(183): App\\Http\\Middleware\\SetLocaleFromHeader->handle()
#17 /home/plushbra/irhebo-backend.smartedge.me/vendor/laravel/framework/src/Illuminate/Routing/Middleware/SubstituteBindings.php(51): Illuminate\\Pipeline\\Pipeline->Illuminate\\Pipeline\\{closure}()
#18 /home/plushbra/irhebo-backend.smartedge.me/vendor/laravel/framework/src/Illuminate/Pipeline/Pipeline.php(183): Illuminate\\Routing\\Middleware\\SubstituteBindings->handle()
#19 /home/plushbra/irhebo-backend.smartedge.me/vendor/laravel/framework/src/Illuminate/Auth/Middleware/Authenticate.php(64): Illuminate\\Pipeline\\Pipeline->Illuminate\\Pipeline\\{closure}()
#20 /home/plushbra/irhebo-backend.smartedge.me/vendor/laravel/framework/src/Illuminate/Pipeline/Pipeline.php(183): Illuminate\\Auth\\Middleware\\Authenticate->handle()
#21 /home/plushbra/irhebo-backend.smartedge.me/vendor/laravel/framework/src/Illuminate/Pipeline/Pipeline.php(119): Illuminate\\Pipeline\\Pipeline->Illuminate\\Pipeline\\{closure}()
#22 /home/plushbra/irhebo-backend.smartedge.me/vendor/laravel/framework/src/Illuminate/Routing/Router.php(807): Illuminate\\Pipeline\\Pipeline->then()
#23 /home/plushbra/irhebo-backend.smartedge.me/vendor/laravel/framework/src/Illuminate/Routing/Router.php(786): Illuminate\\Routing\\Router->runRouteWithinStack()
#24 /home/plushbra/irhebo-backend.smartedge.me/vendor/laravel/framework/src/Illuminate/Routing/Router.php(750): Illuminate\\Routing\\Router->runRoute()
#25 /home/plushbra/irhebo-backend.smartedge.me/vendor/laravel/framework/src/Illuminate/Routing/Router.php(739): Illuminate\\Routing\\Router->dispatchToRoute()
#26 /home/plushbra/irhebo-backend.smartedge.me/vendor/laravel/framework/src/Illuminate/Foundation/Http/Kernel.php(201): Illuminate\\Routing\\Router->dispatch()
#27 /home/plushbra/irhebo-backend.smartedge.me/vendor/laravel/framework/src/Illuminate/Pipeline/Pipeline.php(144): Illuminate\\Foundation\\Http\\Kernel->Illuminate\\Foundation\\Http\\{closure}()
#28 /home/plushbra/irhebo-backend.smartedge.me/vendor/proengsoft/laravel-jsvalidation/src/RemoteValidationMiddleware.php(61): Illuminate\\Pipeline\\Pipeline->Illuminate\\Pipeline\\{closure}()
#29 /home/plushbra/irhebo-backend.smartedge.me/vendor/laravel/framework/src/Illuminate/Pipeline/Pipeline.php(183): Proengsoft\\JsValidation\\RemoteValidationMiddleware->handle()
#30 /home/plushbra/irhebo-backend.smartedge.me/vendor/laravel/framework/src/Illuminate/Foundation/Http/Middleware/TransformsRequest.php(21): Illuminate\\Pipeline\\Pipeline->Illuminate\\Pipeline\\{closure}()
#31 /home/plushbra/irhebo-backend.smartedge.me/vendor/laravel/framework/src/Illuminate/Foundation/Http/Middleware/ConvertEmptyStringsToNull.php(31): Illuminate\\Foundation\\Http\\Middleware\\TransformsRequest->handle()
#32 /home/plushbra/irhebo-backend.smartedge.me/vendor/laravel/framework/src/Illuminate/Pipeline/Pipeline.php(183): Illuminate\\Foundation\\Http\\Middleware\\ConvertEmptyStringsToNull->handle()
#33 /home/plushbra/irhebo-backend.smartedge.me/vendor/laravel/framework/src/Illuminate/Foundation/Http/Middleware/TransformsRequest.php(21): Illuminate\\Pipeline\\Pipeline->Illuminate\\Pipeline\\{closure}()
#34 /home/plushbra/irhebo-backend.smartedge.me/vendor/laravel/framework/src/Illuminate/Foundation/Http/Middleware/TrimStrings.php(51): Illuminate\\Foundation\\Http\\Middleware\\TransformsRequest->handle()
#35 /home/plushbra/irhebo-backend.smartedge.me/vendor/laravel/framework/src/Illuminate/Pipeline/Pipeline.php(183): Illuminate\\Foundation\\Http\\Middleware\\TrimStrings->handle()
#36 /home/plushbra/irhebo-backend.smartedge.me/vendor/laravel/framework/src/Illuminate/Http/Middleware/ValidatePostSize.php(27): Illuminate\\Pipeline\\Pipeline->Illuminate\\Pipeline\\{closure}()
#37 /home/plushbra/irhebo-backend.smartedge.me/vendor/laravel/framework/src/Illuminate/Pipeline/Pipeline.php(183): Illuminate\\Http\\Middleware\\ValidatePostSize->handle()
#38 /home/plushbra/irhebo-backend.smartedge.me/vendor/laravel/framework/src/Illuminate/Foundation/Http/Middleware/PreventRequestsDuringMaintenance.php(110): Illuminate\\Pipeline\\Pipeline->Illuminate\\Pipeline\\{closure}()
#39 /home/plushbra/irhebo-backend.smartedge.me/vendor/laravel/framework/src/Illuminate/Pipeline/Pipeline.php(183): Illuminate\\Foundation\\Http\\Middleware\\PreventRequestsDuringMaintenance->handle()
#40 /home/plushbra/irhebo-backend.smartedge.me/vendor/laravel/framework/src/Illuminate/Http/Middleware/HandleCors.php(62): Illuminate\\Pipeline\\Pipeline->Illuminate\\Pipeline\\{closure}()
#41 /home/plushbra/irhebo-backend.smartedge.me/vendor/laravel/framework/src/Illuminate/Pipeline/Pipeline.php(183): Illuminate\\Http\\Middleware\\HandleCors->handle()
#42 /home/plushbra/irhebo-backend.smartedge.me/vendor/laravel/framework/src/Illuminate/Http/Middleware/TrustProxies.php(58): Illuminate\\Pipeline\\Pipeline->Illuminate\\Pipeline\\{closure}()
#43 /home/plushbra/irhebo-backend.smartedge.me/vendor/laravel/framework/src/Illuminate/Pipeline/Pipeline.php(183): Illuminate\\Http\\Middleware\\TrustProxies->handle()
#44 /home/plushbra/irhebo-backend.smartedge.me/vendor/laravel/framework/src/Illuminate/Foundation/Http/Middleware/InvokeDeferredCallbacks.php(22): Illuminate\\Pipeline\\Pipeline->Illuminate\\Pipeline\\{closure}()
#45 /home/plushbra/irhebo-backend.smartedge.me/vendor/laravel/framework/src/Illuminate/Pipeline/Pipeline.php(183): Illuminate\\Foundation\\Http\\Middleware\\InvokeDeferredCallbacks->handle()
#46 /home/plushbra/irhebo-backend.smartedge.me/vendor/laravel/framework/src/Illuminate/Pipeline/Pipeline.php(119): Illuminate\\Pipeline\\Pipeline->Illuminate\\Pipeline\\{closure}()
#47 /home/plushbra/irhebo-backend.smartedge.me/vendor/laravel/framework/src/Illuminate/Foundation/Http/Kernel.php(176): Illuminate\\Pipeline\\Pipeline->then()
#48 /home/plushbra/irhebo-backend.smartedge.me/vendor/laravel/framework/src/Illuminate/Foundation/Http/Kernel.php(145): Illuminate\\Foundation\\Http\\Kernel->sendRequestThroughRouter()
#49 /home/plushbra/irhebo-backend.smartedge.me/vendor/laravel/framework/src/Illuminate/Foundation/Application.php(1190): Illuminate\\Foundation\\Http\\Kernel->handle()
#50 /home/plushbra/irhebo-backend.smartedge.me/public/index.php(17): Illuminate\\Foundation\\Application->handleRequest()
#51 {main}
"} 
[2025-06-21 18:20:45] local.ERROR: SQLSTATE[01000]: Warning: 1265 Data truncated for column 'user_one_flag' at row 1 (Connection: mysql, SQL: update `chats` set `user_one_flag` = starred, `chats`.`updated_at` = 2025-06-21 18:20:45 where `id` = 3) {"userId":94,"exception":"[object] (Illuminate\\Database\\QueryException(code: 01000): SQLSTATE[01000]: Warning: 1265 Data truncated for column 'user_one_flag' at row 1 (Connection: mysql, SQL: update `chats` set `user_one_flag` = starred, `chats`.`updated_at` = 2025-06-21 18:20:45 where `id` = 3) at /home/plushbra/irhebo-backend.smartedge.me/vendor/laravel/framework/src/Illuminate/Database/Connection.php:825)
[stacktrace]
#0 /home/plushbra/irhebo-backend.smartedge.me/vendor/laravel/framework/src/Illuminate/Database/Connection.php(779): Illuminate\\Database\\Connection->runQueryCallback()
#1 /home/plushbra/irhebo-backend.smartedge.me/vendor/laravel/framework/src/Illuminate/Database/Connection.php(584): Illuminate\\Database\\Connection->run()
#2 /home/plushbra/irhebo-backend.smartedge.me/vendor/laravel/framework/src/Illuminate/Database/Connection.php(536): Illuminate\\Database\\Connection->affectingStatement()
#3 /home/plushbra/irhebo-backend.smartedge.me/vendor/laravel/framework/src/Illuminate/Database/Query/Builder.php(3866): Illuminate\\Database\\Connection->update()
#4 /home/plushbra/irhebo-backend.smartedge.me/vendor/laravel/framework/src/Illuminate/Database/Eloquent/Builder.php(1128): Illuminate\\Database\\Query\\Builder->update()
#5 /home/plushbra/irhebo-backend.smartedge.me/vendor/laravel/framework/src/Illuminate/Database/Eloquent/Model.php(1239): Illuminate\\Database\\Eloquent\\Builder->update()
#6 /home/plushbra/irhebo-backend.smartedge.me/vendor/laravel/framework/src/Illuminate/Database/Eloquent/Model.php(1156): Illuminate\\Database\\Eloquent\\Model->performUpdate()
#7 /home/plushbra/irhebo-backend.smartedge.me/app/Http/Controllers/Api/ChatController.php(219): Illuminate\\Database\\Eloquent\\Model->save()
#8 /home/plushbra/irhebo-backend.smartedge.me/vendor/laravel/framework/src/Illuminate/Routing/ControllerDispatcher.php(47): App\\Http\\Controllers\\Api\\ChatController->toggleFlag()
#9 /home/plushbra/irhebo-backend.smartedge.me/vendor/laravel/framework/src/Illuminate/Routing/Route.php(266): Illuminate\\Routing\\ControllerDispatcher->dispatch()
#10 /home/plushbra/irhebo-backend.smartedge.me/vendor/laravel/framework/src/Illuminate/Routing/Route.php(212): Illuminate\\Routing\\Route->runController()
#11 /home/plushbra/irhebo-backend.smartedge.me/vendor/laravel/framework/src/Illuminate/Routing/Router.php(808): Illuminate\\Routing\\Route->run()
#12 /home/plushbra/irhebo-backend.smartedge.me/vendor/laravel/framework/src/Illuminate/Pipeline/Pipeline.php(144): Illuminate\\Routing\\Router->Illuminate\\Routing\\{closure}()
#13 /home/plushbra/irhebo-backend.smartedge.me/app/Http/Middleware/SetLocaleFromHeader.php(25): Illuminate\\Pipeline\\Pipeline->Illuminate\\Pipeline\\{closure}()
#14 /home/plushbra/irhebo-backend.smartedge.me/vendor/laravel/framework/src/Illuminate/Pipeline/Pipeline.php(183): App\\Http\\Middleware\\SetLocaleFromHeader->handle()
#15 /home/plushbra/irhebo-backend.smartedge.me/vendor/laravel/framework/src/Illuminate/Routing/Middleware/SubstituteBindings.php(51): Illuminate\\Pipeline\\Pipeline->Illuminate\\Pipeline\\{closure}()
#16 /home/plushbra/irhebo-backend.smartedge.me/vendor/laravel/framework/src/Illuminate/Pipeline/Pipeline.php(183): Illuminate\\Routing\\Middleware\\SubstituteBindings->handle()
#17 /home/plushbra/irhebo-backend.smartedge.me/vendor/laravel/framework/src/Illuminate/Auth/Middleware/Authenticate.php(64): Illuminate\\Pipeline\\Pipeline->Illuminate\\Pipeline\\{closure}()
#18 /home/plushbra/irhebo-backend.smartedge.me/vendor/laravel/framework/src/Illuminate/Pipeline/Pipeline.php(183): Illuminate\\Auth\\Middleware\\Authenticate->handle()
#19 /home/plushbra/irhebo-backend.smartedge.me/vendor/laravel/framework/src/Illuminate/Pipeline/Pipeline.php(119): Illuminate\\Pipeline\\Pipeline->Illuminate\\Pipeline\\{closure}()
#20 /home/plushbra/irhebo-backend.smartedge.me/vendor/laravel/framework/src/Illuminate/Routing/Router.php(807): Illuminate\\Pipeline\\Pipeline->then()
#21 /home/plushbra/irhebo-backend.smartedge.me/vendor/laravel/framework/src/Illuminate/Routing/Router.php(786): Illuminate\\Routing\\Router->runRouteWithinStack()
#22 /home/plushbra/irhebo-backend.smartedge.me/vendor/laravel/framework/src/Illuminate/Routing/Router.php(750): Illuminate\\Routing\\Router->runRoute()
#23 /home/plushbra/irhebo-backend.smartedge.me/vendor/laravel/framework/src/Illuminate/Routing/Router.php(739): Illuminate\\Routing\\Router->dispatchToRoute()
#24 /home/plushbra/irhebo-backend.smartedge.me/vendor/laravel/framework/src/Illuminate/Foundation/Http/Kernel.php(201): Illuminate\\Routing\\Router->dispatch()
#25 /home/plushbra/irhebo-backend.smartedge.me/vendor/laravel/framework/src/Illuminate/Pipeline/Pipeline.php(144): Illuminate\\Foundation\\Http\\Kernel->Illuminate\\Foundation\\Http\\{closure}()
#26 /home/plushbra/irhebo-backend.smartedge.me/vendor/proengsoft/laravel-jsvalidation/src/RemoteValidationMiddleware.php(61): Illuminate\\Pipeline\\Pipeline->Illuminate\\Pipeline\\{closure}()
#27 /home/plushbra/irhebo-backend.smartedge.me/vendor/laravel/framework/src/Illuminate/Pipeline/Pipeline.php(183): Proengsoft\\JsValidation\\RemoteValidationMiddleware->handle()
#28 /home/plushbra/irhebo-backend.smartedge.me/vendor/laravel/framework/src/Illuminate/Foundation/Http/Middleware/TransformsRequest.php(21): Illuminate\\Pipeline\\Pipeline->Illuminate\\Pipeline\\{closure}()
#29 /home/plushbra/irhebo-backend.smartedge.me/vendor/laravel/framework/src/Illuminate/Foundation/Http/Middleware/ConvertEmptyStringsToNull.php(31): Illuminate\\Foundation\\Http\\Middleware\\TransformsRequest->handle()
#30 /home/plushbra/irhebo-backend.smartedge.me/vendor/laravel/framework/src/Illuminate/Pipeline/Pipeline.php(183): Illuminate\\Foundation\\Http\\Middleware\\ConvertEmptyStringsToNull->handle()
#31 /home/plushbra/irhebo-backend.smartedge.me/vendor/laravel/framework/src/Illuminate/Foundation/Http/Middleware/TransformsRequest.php(21): Illuminate\\Pipeline\\Pipeline->Illuminate\\Pipeline\\{closure}()
#32 /home/plushbra/irhebo-backend.smartedge.me/vendor/laravel/framework/src/Illuminate/Foundation/Http/Middleware/TrimStrings.php(51): Illuminate\\Foundation\\Http\\Middleware\\TransformsRequest->handle()
#33 /home/plushbra/irhebo-backend.smartedge.me/vendor/laravel/framework/src/Illuminate/Pipeline/Pipeline.php(183): Illuminate\\Foundation\\Http\\Middleware\\TrimStrings->handle()
#34 /home/plushbra/irhebo-backend.smartedge.me/vendor/laravel/framework/src/Illuminate/Http/Middleware/ValidatePostSize.php(27): Illuminate\\Pipeline\\Pipeline->Illuminate\\Pipeline\\{closure}()
#35 /home/plushbra/irhebo-backend.smartedge.me/vendor/laravel/framework/src/Illuminate/Pipeline/Pipeline.php(183): Illuminate\\Http\\Middleware\\ValidatePostSize->handle()
#36 /home/plushbra/irhebo-backend.smartedge.me/vendor/laravel/framework/src/Illuminate/Foundation/Http/Middleware/PreventRequestsDuringMaintenance.php(110): Illuminate\\Pipeline\\Pipeline->Illuminate\\Pipeline\\{closure}()
#37 /home/plushbra/irhebo-backend.smartedge.me/vendor/laravel/framework/src/Illuminate/Pipeline/Pipeline.php(183): Illuminate\\Foundation\\Http\\Middleware\\PreventRequestsDuringMaintenance->handle()
#38 /home/plushbra/irhebo-backend.smartedge.me/vendor/laravel/framework/src/Illuminate/Http/Middleware/HandleCors.php(62): Illuminate\\Pipeline\\Pipeline->Illuminate\\Pipeline\\{closure}()
#39 /home/plushbra/irhebo-backend.smartedge.me/vendor/laravel/framework/src/Illuminate/Pipeline/Pipeline.php(183): Illuminate\\Http\\Middleware\\HandleCors->handle()
#40 /home/plushbra/irhebo-backend.smartedge.me/vendor/laravel/framework/src/Illuminate/Http/Middleware/TrustProxies.php(58): Illuminate\\Pipeline\\Pipeline->Illuminate\\Pipeline\\{closure}()
#41 /home/plushbra/irhebo-backend.smartedge.me/vendor/laravel/framework/src/Illuminate/Pipeline/Pipeline.php(183): Illuminate\\Http\\Middleware\\TrustProxies->handle()
#42 /home/plushbra/irhebo-backend.smartedge.me/vendor/laravel/framework/src/Illuminate/Foundation/Http/Middleware/InvokeDeferredCallbacks.php(22): Illuminate\\Pipeline\\Pipeline->Illuminate\\Pipeline\\{closure}()
#43 /home/plushbra/irhebo-backend.smartedge.me/vendor/laravel/framework/src/Illuminate/Pipeline/Pipeline.php(183): Illuminate\\Foundation\\Http\\Middleware\\InvokeDeferredCallbacks->handle()
#44 /home/plushbra/irhebo-backend.smartedge.me/vendor/laravel/framework/src/Illuminate/Pipeline/Pipeline.php(119): Illuminate\\Pipeline\\Pipeline->Illuminate\\Pipeline\\{closure}()
#45 /home/plushbra/irhebo-backend.smartedge.me/vendor/laravel/framework/src/Illuminate/Foundation/Http/Kernel.php(176): Illuminate\\Pipeline\\Pipeline->then()
#46 /home/plushbra/irhebo-backend.smartedge.me/vendor/laravel/framework/src/Illuminate/Foundation/Http/Kernel.php(145): Illuminate\\Foundation\\Http\\Kernel->sendRequestThroughRouter()
#47 /home/plushbra/irhebo-backend.smartedge.me/vendor/laravel/framework/src/Illuminate/Foundation/Application.php(1190): Illuminate\\Foundation\\Http\\Kernel->handle()
#48 /home/plushbra/irhebo-backend.smartedge.me/public/index.php(17): Illuminate\\Foundation\\Application->handleRequest()
#49 {main}

[previous exception] [object] (PDOException(code: 01000): SQLSTATE[01000]: Warning: 1265 Data truncated for column 'user_one_flag' at row 1 at /home/plushbra/irhebo-backend.smartedge.me/vendor/laravel/framework/src/Illuminate/Database/Connection.php:596)
[stacktrace]
#0 /home/plushbra/irhebo-backend.smartedge.me/vendor/laravel/framework/src/Illuminate/Database/Connection.php(596): PDOStatement->execute()
#1 /home/plushbra/irhebo-backend.smartedge.me/vendor/laravel/framework/src/Illuminate/Database/Connection.php(812): Illuminate\\Database\\Connection->Illuminate\\Database\\{closure}()
#2 /home/plushbra/irhebo-backend.smartedge.me/vendor/laravel/framework/src/Illuminate/Database/Connection.php(779): Illuminate\\Database\\Connection->runQueryCallback()
#3 /home/plushbra/irhebo-backend.smartedge.me/vendor/laravel/framework/src/Illuminate/Database/Connection.php(584): Illuminate\\Database\\Connection->run()
#4 /home/plushbra/irhebo-backend.smartedge.me/vendor/laravel/framework/src/Illuminate/Database/Connection.php(536): Illuminate\\Database\\Connection->affectingStatement()
#5 /home/plushbra/irhebo-backend.smartedge.me/vendor/laravel/framework/src/Illuminate/Database/Query/Builder.php(3866): Illuminate\\Database\\Connection->update()
#6 /home/plushbra/irhebo-backend.smartedge.me/vendor/laravel/framework/src/Illuminate/Database/Eloquent/Builder.php(1128): Illuminate\\Database\\Query\\Builder->update()
#7 /home/plushbra/irhebo-backend.smartedge.me/vendor/laravel/framework/src/Illuminate/Database/Eloquent/Model.php(1239): Illuminate\\Database\\Eloquent\\Builder->update()
#8 /home/plushbra/irhebo-backend.smartedge.me/vendor/laravel/framework/src/Illuminate/Database/Eloquent/Model.php(1156): Illuminate\\Database\\Eloquent\\Model->performUpdate()
#9 /home/plushbra/irhebo-backend.smartedge.me/app/Http/Controllers/Api/ChatController.php(219): Illuminate\\Database\\Eloquent\\Model->save()
#10 /home/plushbra/irhebo-backend.smartedge.me/vendor/laravel/framework/src/Illuminate/Routing/ControllerDispatcher.php(47): App\\Http\\Controllers\\Api\\ChatController->toggleFlag()
#11 /home/plushbra/irhebo-backend.smartedge.me/vendor/laravel/framework/src/Illuminate/Routing/Route.php(266): Illuminate\\Routing\\ControllerDispatcher->dispatch()
#12 /home/plushbra/irhebo-backend.smartedge.me/vendor/laravel/framework/src/Illuminate/Routing/Route.php(212): Illuminate\\Routing\\Route->runController()
#13 /home/plushbra/irhebo-backend.smartedge.me/vendor/laravel/framework/src/Illuminate/Routing/Router.php(808): Illuminate\\Routing\\Route->run()
#14 /home/plushbra/irhebo-backend.smartedge.me/vendor/laravel/framework/src/Illuminate/Pipeline/Pipeline.php(144): Illuminate\\Routing\\Router->Illuminate\\Routing\\{closure}()
#15 /home/plushbra/irhebo-backend.smartedge.me/app/Http/Middleware/SetLocaleFromHeader.php(25): Illuminate\\Pipeline\\Pipeline->Illuminate\\Pipeline\\{closure}()
#16 /home/plushbra/irhebo-backend.smartedge.me/vendor/laravel/framework/src/Illuminate/Pipeline/Pipeline.php(183): App\\Http\\Middleware\\SetLocaleFromHeader->handle()
#17 /home/plushbra/irhebo-backend.smartedge.me/vendor/laravel/framework/src/Illuminate/Routing/Middleware/SubstituteBindings.php(51): Illuminate\\Pipeline\\Pipeline->Illuminate\\Pipeline\\{closure}()
#18 /home/plushbra/irhebo-backend.smartedge.me/vendor/laravel/framework/src/Illuminate/Pipeline/Pipeline.php(183): Illuminate\\Routing\\Middleware\\SubstituteBindings->handle()
#19 /home/plushbra/irhebo-backend.smartedge.me/vendor/laravel/framework/src/Illuminate/Auth/Middleware/Authenticate.php(64): Illuminate\\Pipeline\\Pipeline->Illuminate\\Pipeline\\{closure}()
#20 /home/plushbra/irhebo-backend.smartedge.me/vendor/laravel/framework/src/Illuminate/Pipeline/Pipeline.php(183): Illuminate\\Auth\\Middleware\\Authenticate->handle()
#21 /home/plushbra/irhebo-backend.smartedge.me/vendor/laravel/framework/src/Illuminate/Pipeline/Pipeline.php(119): Illuminate\\Pipeline\\Pipeline->Illuminate\\Pipeline\\{closure}()
#22 /home/plushbra/irhebo-backend.smartedge.me/vendor/laravel/framework/src/Illuminate/Routing/Router.php(807): Illuminate\\Pipeline\\Pipeline->then()
#23 /home/plushbra/irhebo-backend.smartedge.me/vendor/laravel/framework/src/Illuminate/Routing/Router.php(786): Illuminate\\Routing\\Router->runRouteWithinStack()
#24 /home/plushbra/irhebo-backend.smartedge.me/vendor/laravel/framework/src/Illuminate/Routing/Router.php(750): Illuminate\\Routing\\Router->runRoute()
#25 /home/plushbra/irhebo-backend.smartedge.me/vendor/laravel/framework/src/Illuminate/Routing/Router.php(739): Illuminate\\Routing\\Router->dispatchToRoute()
#26 /home/plushbra/irhebo-backend.smartedge.me/vendor/laravel/framework/src/Illuminate/Foundation/Http/Kernel.php(201): Illuminate\\Routing\\Router->dispatch()
#27 /home/plushbra/irhebo-backend.smartedge.me/vendor/laravel/framework/src/Illuminate/Pipeline/Pipeline.php(144): Illuminate\\Foundation\\Http\\Kernel->Illuminate\\Foundation\\Http\\{closure}()
#28 /home/plushbra/irhebo-backend.smartedge.me/vendor/proengsoft/laravel-jsvalidation/src/RemoteValidationMiddleware.php(61): Illuminate\\Pipeline\\Pipeline->Illuminate\\Pipeline\\{closure}()
#29 /home/plushbra/irhebo-backend.smartedge.me/vendor/laravel/framework/src/Illuminate/Pipeline/Pipeline.php(183): Proengsoft\\JsValidation\\RemoteValidationMiddleware->handle()
#30 /home/plushbra/irhebo-backend.smartedge.me/vendor/laravel/framework/src/Illuminate/Foundation/Http/Middleware/TransformsRequest.php(21): Illuminate\\Pipeline\\Pipeline->Illuminate\\Pipeline\\{closure}()
#31 /home/plushbra/irhebo-backend.smartedge.me/vendor/laravel/framework/src/Illuminate/Foundation/Http/Middleware/ConvertEmptyStringsToNull.php(31): Illuminate\\Foundation\\Http\\Middleware\\TransformsRequest->handle()
#32 /home/plushbra/irhebo-backend.smartedge.me/vendor/laravel/framework/src/Illuminate/Pipeline/Pipeline.php(183): Illuminate\\Foundation\\Http\\Middleware\\ConvertEmptyStringsToNull->handle()
#33 /home/plushbra/irhebo-backend.smartedge.me/vendor/laravel/framework/src/Illuminate/Foundation/Http/Middleware/TransformsRequest.php(21): Illuminate\\Pipeline\\Pipeline->Illuminate\\Pipeline\\{closure}()
#34 /home/plushbra/irhebo-backend.smartedge.me/vendor/laravel/framework/src/Illuminate/Foundation/Http/Middleware/TrimStrings.php(51): Illuminate\\Foundation\\Http\\Middleware\\TransformsRequest->handle()
#35 /home/plushbra/irhebo-backend.smartedge.me/vendor/laravel/framework/src/Illuminate/Pipeline/Pipeline.php(183): Illuminate\\Foundation\\Http\\Middleware\\TrimStrings->handle()
#36 /home/plushbra/irhebo-backend.smartedge.me/vendor/laravel/framework/src/Illuminate/Http/Middleware/ValidatePostSize.php(27): Illuminate\\Pipeline\\Pipeline->Illuminate\\Pipeline\\{closure}()
#37 /home/plushbra/irhebo-backend.smartedge.me/vendor/laravel/framework/src/Illuminate/Pipeline/Pipeline.php(183): Illuminate\\Http\\Middleware\\ValidatePostSize->handle()
#38 /home/plushbra/irhebo-backend.smartedge.me/vendor/laravel/framework/src/Illuminate/Foundation/Http/Middleware/PreventRequestsDuringMaintenance.php(110): Illuminate\\Pipeline\\Pipeline->Illuminate\\Pipeline\\{closure}()
#39 /home/plushbra/irhebo-backend.smartedge.me/vendor/laravel/framework/src/Illuminate/Pipeline/Pipeline.php(183): Illuminate\\Foundation\\Http\\Middleware\\PreventRequestsDuringMaintenance->handle()
#40 /home/plushbra/irhebo-backend.smartedge.me/vendor/laravel/framework/src/Illuminate/Http/Middleware/HandleCors.php(62): Illuminate\\Pipeline\\Pipeline->Illuminate\\Pipeline\\{closure}()
#41 /home/plushbra/irhebo-backend.smartedge.me/vendor/laravel/framework/src/Illuminate/Pipeline/Pipeline.php(183): Illuminate\\Http\\Middleware\\HandleCors->handle()
#42 /home/plushbra/irhebo-backend.smartedge.me/vendor/laravel/framework/src/Illuminate/Http/Middleware/TrustProxies.php(58): Illuminate\\Pipeline\\Pipeline->Illuminate\\Pipeline\\{closure}()
#43 /home/plushbra/irhebo-backend.smartedge.me/vendor/laravel/framework/src/Illuminate/Pipeline/Pipeline.php(183): Illuminate\\Http\\Middleware\\TrustProxies->handle()
#44 /home/plushbra/irhebo-backend.smartedge.me/vendor/laravel/framework/src/Illuminate/Foundation/Http/Middleware/InvokeDeferredCallbacks.php(22): Illuminate\\Pipeline\\Pipeline->Illuminate\\Pipeline\\{closure}()
#45 /home/plushbra/irhebo-backend.smartedge.me/vendor/laravel/framework/src/Illuminate/Pipeline/Pipeline.php(183): Illuminate\\Foundation\\Http\\Middleware\\InvokeDeferredCallbacks->handle()
#46 /home/plushbra/irhebo-backend.smartedge.me/vendor/laravel/framework/src/Illuminate/Pipeline/Pipeline.php(119): Illuminate\\Pipeline\\Pipeline->Illuminate\\Pipeline\\{closure}()
#47 /home/plushbra/irhebo-backend.smartedge.me/vendor/laravel/framework/src/Illuminate/Foundation/Http/Kernel.php(176): Illuminate\\Pipeline\\Pipeline->then()
#48 /home/plushbra/irhebo-backend.smartedge.me/vendor/laravel/framework/src/Illuminate/Foundation/Http/Kernel.php(145): Illuminate\\Foundation\\Http\\Kernel->sendRequestThroughRouter()
#49 /home/plushbra/irhebo-backend.smartedge.me/vendor/laravel/framework/src/Illuminate/Foundation/Application.php(1190): Illuminate\\Foundation\\Http\\Kernel->handle()
#50 /home/plushbra/irhebo-backend.smartedge.me/public/index.php(17): Illuminate\\Foundation\\Application->handleRequest()
#51 {main}
"} 
[2025-06-21 18:21:02] local.ERROR: SQLSTATE[01000]: Warning: 1265 Data truncated for column 'user_one_flag' at row 1 (Connection: mysql, SQL: update `chats` set `user_one_flag` = start, `chats`.`updated_at` = 2025-06-21 18:21:02 where `id` = 3) {"userId":94,"exception":"[object] (Illuminate\\Database\\QueryException(code: 01000): SQLSTATE[01000]: Warning: 1265 Data truncated for column 'user_one_flag' at row 1 (Connection: mysql, SQL: update `chats` set `user_one_flag` = start, `chats`.`updated_at` = 2025-06-21 18:21:02 where `id` = 3) at /home/plushbra/irhebo-backend.smartedge.me/vendor/laravel/framework/src/Illuminate/Database/Connection.php:825)
[stacktrace]
#0 /home/plushbra/irhebo-backend.smartedge.me/vendor/laravel/framework/src/Illuminate/Database/Connection.php(779): Illuminate\\Database\\Connection->runQueryCallback()
#1 /home/plushbra/irhebo-backend.smartedge.me/vendor/laravel/framework/src/Illuminate/Database/Connection.php(584): Illuminate\\Database\\Connection->run()
#2 /home/plushbra/irhebo-backend.smartedge.me/vendor/laravel/framework/src/Illuminate/Database/Connection.php(536): Illuminate\\Database\\Connection->affectingStatement()
#3 /home/plushbra/irhebo-backend.smartedge.me/vendor/laravel/framework/src/Illuminate/Database/Query/Builder.php(3866): Illuminate\\Database\\Connection->update()
#4 /home/plushbra/irhebo-backend.smartedge.me/vendor/laravel/framework/src/Illuminate/Database/Eloquent/Builder.php(1128): Illuminate\\Database\\Query\\Builder->update()
#5 /home/plushbra/irhebo-backend.smartedge.me/vendor/laravel/framework/src/Illuminate/Database/Eloquent/Model.php(1239): Illuminate\\Database\\Eloquent\\Builder->update()
#6 /home/plushbra/irhebo-backend.smartedge.me/vendor/laravel/framework/src/Illuminate/Database/Eloquent/Model.php(1156): Illuminate\\Database\\Eloquent\\Model->performUpdate()
#7 /home/plushbra/irhebo-backend.smartedge.me/app/Http/Controllers/Api/ChatController.php(219): Illuminate\\Database\\Eloquent\\Model->save()
#8 /home/plushbra/irhebo-backend.smartedge.me/vendor/laravel/framework/src/Illuminate/Routing/ControllerDispatcher.php(47): App\\Http\\Controllers\\Api\\ChatController->toggleFlag()
#9 /home/plushbra/irhebo-backend.smartedge.me/vendor/laravel/framework/src/Illuminate/Routing/Route.php(266): Illuminate\\Routing\\ControllerDispatcher->dispatch()
#10 /home/plushbra/irhebo-backend.smartedge.me/vendor/laravel/framework/src/Illuminate/Routing/Route.php(212): Illuminate\\Routing\\Route->runController()
#11 /home/plushbra/irhebo-backend.smartedge.me/vendor/laravel/framework/src/Illuminate/Routing/Router.php(808): Illuminate\\Routing\\Route->run()
#12 /home/plushbra/irhebo-backend.smartedge.me/vendor/laravel/framework/src/Illuminate/Pipeline/Pipeline.php(144): Illuminate\\Routing\\Router->Illuminate\\Routing\\{closure}()
#13 /home/plushbra/irhebo-backend.smartedge.me/app/Http/Middleware/SetLocaleFromHeader.php(25): Illuminate\\Pipeline\\Pipeline->Illuminate\\Pipeline\\{closure}()
#14 /home/plushbra/irhebo-backend.smartedge.me/vendor/laravel/framework/src/Illuminate/Pipeline/Pipeline.php(183): App\\Http\\Middleware\\SetLocaleFromHeader->handle()
#15 /home/plushbra/irhebo-backend.smartedge.me/vendor/laravel/framework/src/Illuminate/Routing/Middleware/SubstituteBindings.php(51): Illuminate\\Pipeline\\Pipeline->Illuminate\\Pipeline\\{closure}()
#16 /home/plushbra/irhebo-backend.smartedge.me/vendor/laravel/framework/src/Illuminate/Pipeline/Pipeline.php(183): Illuminate\\Routing\\Middleware\\SubstituteBindings->handle()
#17 /home/plushbra/irhebo-backend.smartedge.me/vendor/laravel/framework/src/Illuminate/Auth/Middleware/Authenticate.php(64): Illuminate\\Pipeline\\Pipeline->Illuminate\\Pipeline\\{closure}()
#18 /home/plushbra/irhebo-backend.smartedge.me/vendor/laravel/framework/src/Illuminate/Pipeline/Pipeline.php(183): Illuminate\\Auth\\Middleware\\Authenticate->handle()
#19 /home/plushbra/irhebo-backend.smartedge.me/vendor/laravel/framework/src/Illuminate/Pipeline/Pipeline.php(119): Illuminate\\Pipeline\\Pipeline->Illuminate\\Pipeline\\{closure}()
#20 /home/plushbra/irhebo-backend.smartedge.me/vendor/laravel/framework/src/Illuminate/Routing/Router.php(807): Illuminate\\Pipeline\\Pipeline->then()
#21 /home/plushbra/irhebo-backend.smartedge.me/vendor/laravel/framework/src/Illuminate/Routing/Router.php(786): Illuminate\\Routing\\Router->runRouteWithinStack()
#22 /home/plushbra/irhebo-backend.smartedge.me/vendor/laravel/framework/src/Illuminate/Routing/Router.php(750): Illuminate\\Routing\\Router->runRoute()
#23 /home/plushbra/irhebo-backend.smartedge.me/vendor/laravel/framework/src/Illuminate/Routing/Router.php(739): Illuminate\\Routing\\Router->dispatchToRoute()
#24 /home/plushbra/irhebo-backend.smartedge.me/vendor/laravel/framework/src/Illuminate/Foundation/Http/Kernel.php(201): Illuminate\\Routing\\Router->dispatch()
#25 /home/plushbra/irhebo-backend.smartedge.me/vendor/laravel/framework/src/Illuminate/Pipeline/Pipeline.php(144): Illuminate\\Foundation\\Http\\Kernel->Illuminate\\Foundation\\Http\\{closure}()
#26 /home/plushbra/irhebo-backend.smartedge.me/vendor/proengsoft/laravel-jsvalidation/src/RemoteValidationMiddleware.php(61): Illuminate\\Pipeline\\Pipeline->Illuminate\\Pipeline\\{closure}()
#27 /home/plushbra/irhebo-backend.smartedge.me/vendor/laravel/framework/src/Illuminate/Pipeline/Pipeline.php(183): Proengsoft\\JsValidation\\RemoteValidationMiddleware->handle()
#28 /home/plushbra/irhebo-backend.smartedge.me/vendor/laravel/framework/src/Illuminate/Foundation/Http/Middleware/TransformsRequest.php(21): Illuminate\\Pipeline\\Pipeline->Illuminate\\Pipeline\\{closure}()
#29 /home/plushbra/irhebo-backend.smartedge.me/vendor/laravel/framework/src/Illuminate/Foundation/Http/Middleware/ConvertEmptyStringsToNull.php(31): Illuminate\\Foundation\\Http\\Middleware\\TransformsRequest->handle()
#30 /home/plushbra/irhebo-backend.smartedge.me/vendor/laravel/framework/src/Illuminate/Pipeline/Pipeline.php(183): Illuminate\\Foundation\\Http\\Middleware\\ConvertEmptyStringsToNull->handle()
#31 /home/plushbra/irhebo-backend.smartedge.me/vendor/laravel/framework/src/Illuminate/Foundation/Http/Middleware/TransformsRequest.php(21): Illuminate\\Pipeline\\Pipeline->Illuminate\\Pipeline\\{closure}()
#32 /home/plushbra/irhebo-backend.smartedge.me/vendor/laravel/framework/src/Illuminate/Foundation/Http/Middleware/TrimStrings.php(51): Illuminate\\Foundation\\Http\\Middleware\\TransformsRequest->handle()
#33 /home/plushbra/irhebo-backend.smartedge.me/vendor/laravel/framework/src/Illuminate/Pipeline/Pipeline.php(183): Illuminate\\Foundation\\Http\\Middleware\\TrimStrings->handle()
#34 /home/plushbra/irhebo-backend.smartedge.me/vendor/laravel/framework/src/Illuminate/Http/Middleware/ValidatePostSize.php(27): Illuminate\\Pipeline\\Pipeline->Illuminate\\Pipeline\\{closure}()
#35 /home/plushbra/irhebo-backend.smartedge.me/vendor/laravel/framework/src/Illuminate/Pipeline/Pipeline.php(183): Illuminate\\Http\\Middleware\\ValidatePostSize->handle()
#36 /home/plushbra/irhebo-backend.smartedge.me/vendor/laravel/framework/src/Illuminate/Foundation/Http/Middleware/PreventRequestsDuringMaintenance.php(110): Illuminate\\Pipeline\\Pipeline->Illuminate\\Pipeline\\{closure}()
#37 /home/plushbra/irhebo-backend.smartedge.me/vendor/laravel/framework/src/Illuminate/Pipeline/Pipeline.php(183): Illuminate\\Foundation\\Http\\Middleware\\PreventRequestsDuringMaintenance->handle()
#38 /home/plushbra/irhebo-backend.smartedge.me/vendor/laravel/framework/src/Illuminate/Http/Middleware/HandleCors.php(62): Illuminate\\Pipeline\\Pipeline->Illuminate\\Pipeline\\{closure}()
#39 /home/plushbra/irhebo-backend.smartedge.me/vendor/laravel/framework/src/Illuminate/Pipeline/Pipeline.php(183): Illuminate\\Http\\Middleware\\HandleCors->handle()
#40 /home/plushbra/irhebo-backend.smartedge.me/vendor/laravel/framework/src/Illuminate/Http/Middleware/TrustProxies.php(58): Illuminate\\Pipeline\\Pipeline->Illuminate\\Pipeline\\{closure}()
#41 /home/plushbra/irhebo-backend.smartedge.me/vendor/laravel/framework/src/Illuminate/Pipeline/Pipeline.php(183): Illuminate\\Http\\Middleware\\TrustProxies->handle()
#42 /home/plushbra/irhebo-backend.smartedge.me/vendor/laravel/framework/src/Illuminate/Foundation/Http/Middleware/InvokeDeferredCallbacks.php(22): Illuminate\\Pipeline\\Pipeline->Illuminate\\Pipeline\\{closure}()
#43 /home/plushbra/irhebo-backend.smartedge.me/vendor/laravel/framework/src/Illuminate/Pipeline/Pipeline.php(183): Illuminate\\Foundation\\Http\\Middleware\\InvokeDeferredCallbacks->handle()
#44 /home/plushbra/irhebo-backend.smartedge.me/vendor/laravel/framework/src/Illuminate/Pipeline/Pipeline.php(119): Illuminate\\Pipeline\\Pipeline->Illuminate\\Pipeline\\{closure}()
#45 /home/plushbra/irhebo-backend.smartedge.me/vendor/laravel/framework/src/Illuminate/Foundation/Http/Kernel.php(176): Illuminate\\Pipeline\\Pipeline->then()
#46 /home/plushbra/irhebo-backend.smartedge.me/vendor/laravel/framework/src/Illuminate/Foundation/Http/Kernel.php(145): Illuminate\\Foundation\\Http\\Kernel->sendRequestThroughRouter()
#47 /home/plushbra/irhebo-backend.smartedge.me/vendor/laravel/framework/src/Illuminate/Foundation/Application.php(1190): Illuminate\\Foundation\\Http\\Kernel->handle()
#48 /home/plushbra/irhebo-backend.smartedge.me/public/index.php(17): Illuminate\\Foundation\\Application->handleRequest()
#49 {main}

[previous exception] [object] (PDOException(code: 01000): SQLSTATE[01000]: Warning: 1265 Data truncated for column 'user_one_flag' at row 1 at /home/plushbra/irhebo-backend.smartedge.me/vendor/laravel/framework/src/Illuminate/Database/Connection.php:596)
[stacktrace]
#0 /home/plushbra/irhebo-backend.smartedge.me/vendor/laravel/framework/src/Illuminate/Database/Connection.php(596): PDOStatement->execute()
#1 /home/plushbra/irhebo-backend.smartedge.me/vendor/laravel/framework/src/Illuminate/Database/Connection.php(812): Illuminate\\Database\\Connection->Illuminate\\Database\\{closure}()
#2 /home/plushbra/irhebo-backend.smartedge.me/vendor/laravel/framework/src/Illuminate/Database/Connection.php(779): Illuminate\\Database\\Connection->runQueryCallback()
#3 /home/plushbra/irhebo-backend.smartedge.me/vendor/laravel/framework/src/Illuminate/Database/Connection.php(584): Illuminate\\Database\\Connection->run()
#4 /home/plushbra/irhebo-backend.smartedge.me/vendor/laravel/framework/src/Illuminate/Database/Connection.php(536): Illuminate\\Database\\Connection->affectingStatement()
#5 /home/plushbra/irhebo-backend.smartedge.me/vendor/laravel/framework/src/Illuminate/Database/Query/Builder.php(3866): Illuminate\\Database\\Connection->update()
#6 /home/plushbra/irhebo-backend.smartedge.me/vendor/laravel/framework/src/Illuminate/Database/Eloquent/Builder.php(1128): Illuminate\\Database\\Query\\Builder->update()
#7 /home/plushbra/irhebo-backend.smartedge.me/vendor/laravel/framework/src/Illuminate/Database/Eloquent/Model.php(1239): Illuminate\\Database\\Eloquent\\Builder->update()
#8 /home/plushbra/irhebo-backend.smartedge.me/vendor/laravel/framework/src/Illuminate/Database/Eloquent/Model.php(1156): Illuminate\\Database\\Eloquent\\Model->performUpdate()
#9 /home/plushbra/irhebo-backend.smartedge.me/app/Http/Controllers/Api/ChatController.php(219): Illuminate\\Database\\Eloquent\\Model->save()
#10 /home/plushbra/irhebo-backend.smartedge.me/vendor/laravel/framework/src/Illuminate/Routing/ControllerDispatcher.php(47): App\\Http\\Controllers\\Api\\ChatController->toggleFlag()
#11 /home/plushbra/irhebo-backend.smartedge.me/vendor/laravel/framework/src/Illuminate/Routing/Route.php(266): Illuminate\\Routing\\ControllerDispatcher->dispatch()
#12 /home/plushbra/irhebo-backend.smartedge.me/vendor/laravel/framework/src/Illuminate/Routing/Route.php(212): Illuminate\\Routing\\Route->runController()
#13 /home/plushbra/irhebo-backend.smartedge.me/vendor/laravel/framework/src/Illuminate/Routing/Router.php(808): Illuminate\\Routing\\Route->run()
#14 /home/plushbra/irhebo-backend.smartedge.me/vendor/laravel/framework/src/Illuminate/Pipeline/Pipeline.php(144): Illuminate\\Routing\\Router->Illuminate\\Routing\\{closure}()
#15 /home/plushbra/irhebo-backend.smartedge.me/app/Http/Middleware/SetLocaleFromHeader.php(25): Illuminate\\Pipeline\\Pipeline->Illuminate\\Pipeline\\{closure}()
#16 /home/plushbra/irhebo-backend.smartedge.me/vendor/laravel/framework/src/Illuminate/Pipeline/Pipeline.php(183): App\\Http\\Middleware\\SetLocaleFromHeader->handle()
#17 /home/plushbra/irhebo-backend.smartedge.me/vendor/laravel/framework/src/Illuminate/Routing/Middleware/SubstituteBindings.php(51): Illuminate\\Pipeline\\Pipeline->Illuminate\\Pipeline\\{closure}()
#18 /home/plushbra/irhebo-backend.smartedge.me/vendor/laravel/framework/src/Illuminate/Pipeline/Pipeline.php(183): Illuminate\\Routing\\Middleware\\SubstituteBindings->handle()
#19 /home/plushbra/irhebo-backend.smartedge.me/vendor/laravel/framework/src/Illuminate/Auth/Middleware/Authenticate.php(64): Illuminate\\Pipeline\\Pipeline->Illuminate\\Pipeline\\{closure}()
#20 /home/plushbra/irhebo-backend.smartedge.me/vendor/laravel/framework/src/Illuminate/Pipeline/Pipeline.php(183): Illuminate\\Auth\\Middleware\\Authenticate->handle()
#21 /home/plushbra/irhebo-backend.smartedge.me/vendor/laravel/framework/src/Illuminate/Pipeline/Pipeline.php(119): Illuminate\\Pipeline\\Pipeline->Illuminate\\Pipeline\\{closure}()
#22 /home/plushbra/irhebo-backend.smartedge.me/vendor/laravel/framework/src/Illuminate/Routing/Router.php(807): Illuminate\\Pipeline\\Pipeline->then()
#23 /home/plushbra/irhebo-backend.smartedge.me/vendor/laravel/framework/src/Illuminate/Routing/Router.php(786): Illuminate\\Routing\\Router->runRouteWithinStack()
#24 /home/plushbra/irhebo-backend.smartedge.me/vendor/laravel/framework/src/Illuminate/Routing/Router.php(750): Illuminate\\Routing\\Router->runRoute()
#25 /home/plushbra/irhebo-backend.smartedge.me/vendor/laravel/framework/src/Illuminate/Routing/Router.php(739): Illuminate\\Routing\\Router->dispatchToRoute()
#26 /home/plushbra/irhebo-backend.smartedge.me/vendor/laravel/framework/src/Illuminate/Foundation/Http/Kernel.php(201): Illuminate\\Routing\\Router->dispatch()
#27 /home/plushbra/irhebo-backend.smartedge.me/vendor/laravel/framework/src/Illuminate/Pipeline/Pipeline.php(144): Illuminate\\Foundation\\Http\\Kernel->Illuminate\\Foundation\\Http\\{closure}()
#28 /home/plushbra/irhebo-backend.smartedge.me/vendor/proengsoft/laravel-jsvalidation/src/RemoteValidationMiddleware.php(61): Illuminate\\Pipeline\\Pipeline->Illuminate\\Pipeline\\{closure}()
#29 /home/plushbra/irhebo-backend.smartedge.me/vendor/laravel/framework/src/Illuminate/Pipeline/Pipeline.php(183): Proengsoft\\JsValidation\\RemoteValidationMiddleware->handle()
#30 /home/plushbra/irhebo-backend.smartedge.me/vendor/laravel/framework/src/Illuminate/Foundation/Http/Middleware/TransformsRequest.php(21): Illuminate\\Pipeline\\Pipeline->Illuminate\\Pipeline\\{closure}()
#31 /home/plushbra/irhebo-backend.smartedge.me/vendor/laravel/framework/src/Illuminate/Foundation/Http/Middleware/ConvertEmptyStringsToNull.php(31): Illuminate\\Foundation\\Http\\Middleware\\TransformsRequest->handle()
#32 /home/plushbra/irhebo-backend.smartedge.me/vendor/laravel/framework/src/Illuminate/Pipeline/Pipeline.php(183): Illuminate\\Foundation\\Http\\Middleware\\ConvertEmptyStringsToNull->handle()
#33 /home/plushbra/irhebo-backend.smartedge.me/vendor/laravel/framework/src/Illuminate/Foundation/Http/Middleware/TransformsRequest.php(21): Illuminate\\Pipeline\\Pipeline->Illuminate\\Pipeline\\{closure}()
#34 /home/plushbra/irhebo-backend.smartedge.me/vendor/laravel/framework/src/Illuminate/Foundation/Http/Middleware/TrimStrings.php(51): Illuminate\\Foundation\\Http\\Middleware\\TransformsRequest->handle()
#35 /home/plushbra/irhebo-backend.smartedge.me/vendor/laravel/framework/src/Illuminate/Pipeline/Pipeline.php(183): Illuminate\\Foundation\\Http\\Middleware\\TrimStrings->handle()
#36 /home/plushbra/irhebo-backend.smartedge.me/vendor/laravel/framework/src/Illuminate/Http/Middleware/ValidatePostSize.php(27): Illuminate\\Pipeline\\Pipeline->Illuminate\\Pipeline\\{closure}()
#37 /home/plushbra/irhebo-backend.smartedge.me/vendor/laravel/framework/src/Illuminate/Pipeline/Pipeline.php(183): Illuminate\\Http\\Middleware\\ValidatePostSize->handle()
#38 /home/plushbra/irhebo-backend.smartedge.me/vendor/laravel/framework/src/Illuminate/Foundation/Http/Middleware/PreventRequestsDuringMaintenance.php(110): Illuminate\\Pipeline\\Pipeline->Illuminate\\Pipeline\\{closure}()
#39 /home/plushbra/irhebo-backend.smartedge.me/vendor/laravel/framework/src/Illuminate/Pipeline/Pipeline.php(183): Illuminate\\Foundation\\Http\\Middleware\\PreventRequestsDuringMaintenance->handle()
#40 /home/plushbra/irhebo-backend.smartedge.me/vendor/laravel/framework/src/Illuminate/Http/Middleware/HandleCors.php(62): Illuminate\\Pipeline\\Pipeline->Illuminate\\Pipeline\\{closure}()
#41 /home/plushbra/irhebo-backend.smartedge.me/vendor/laravel/framework/src/Illuminate/Pipeline/Pipeline.php(183): Illuminate\\Http\\Middleware\\HandleCors->handle()
#42 /home/plushbra/irhebo-backend.smartedge.me/vendor/laravel/framework/src/Illuminate/Http/Middleware/TrustProxies.php(58): Illuminate\\Pipeline\\Pipeline->Illuminate\\Pipeline\\{closure}()
#43 /home/plushbra/irhebo-backend.smartedge.me/vendor/laravel/framework/src/Illuminate/Pipeline/Pipeline.php(183): Illuminate\\Http\\Middleware\\TrustProxies->handle()
#44 /home/plushbra/irhebo-backend.smartedge.me/vendor/laravel/framework/src/Illuminate/Foundation/Http/Middleware/InvokeDeferredCallbacks.php(22): Illuminate\\Pipeline\\Pipeline->Illuminate\\Pipeline\\{closure}()
#45 /home/plushbra/irhebo-backend.smartedge.me/vendor/laravel/framework/src/Illuminate/Pipeline/Pipeline.php(183): Illuminate\\Foundation\\Http\\Middleware\\InvokeDeferredCallbacks->handle()
#46 /home/plushbra/irhebo-backend.smartedge.me/vendor/laravel/framework/src/Illuminate/Pipeline/Pipeline.php(119): Illuminate\\Pipeline\\Pipeline->Illuminate\\Pipeline\\{closure}()
#47 /home/plushbra/irhebo-backend.smartedge.me/vendor/laravel/framework/src/Illuminate/Foundation/Http/Kernel.php(176): Illuminate\\Pipeline\\Pipeline->then()
#48 /home/plushbra/irhebo-backend.smartedge.me/vendor/laravel/framework/src/Illuminate/Foundation/Http/Kernel.php(145): Illuminate\\Foundation\\Http\\Kernel->sendRequestThroughRouter()
#49 /home/plushbra/irhebo-backend.smartedge.me/vendor/laravel/framework/src/Illuminate/Foundation/Application.php(1190): Illuminate\\Foundation\\Http\\Kernel->handle()
#50 /home/plushbra/irhebo-backend.smartedge.me/public/index.php(17): Illuminate\\Foundation\\Application->handleRequest()
#51 {main}
"} 
[2025-06-21 19:13:18] local.INFO: OneSignal response {"id":"f33ff171-ceed-44b6-9735-22a1d283db68","external_id":null} 
